2018-06-25 00:03:44.913 [HikariPool-1 housekeeper] WARN  com.zaxxer.hikari.pool.HikariPool -HikariPool-1 - Thread starvation or clock leap detected (housekeeper delta=6m10s309ms).
2018-06-25 00:31:55.282 [HikariPool-1 housekeeper] WARN  com.zaxxer.hikari.pool.HikariPool -HikariPool-1 - Thread starvation or clock leap detected (housekeeper delta=28m10s369ms).
2018-06-25 00:40:19.792 [HikariPool-1 housekeeper] WARN  com.zaxxer.hikari.pool.HikariPool -HikariPool-1 - Thread starvation or clock leap detected (housekeeper delta=7m54s500ms).
2018-06-25 00:47:52.177 [HikariPool-1 housekeeper] WARN  com.zaxxer.hikari.pool.HikariPool -HikariPool-1 - Thread starvation or clock leap detected (housekeeper delta=7m2s381ms).
2018-06-25 01:08:07.525 [HikariPool-1 housekeeper] WARN  com.zaxxer.hikari.pool.HikariPool -HikariPool-1 - Thread starvation or clock leap detected (housekeeper delta=19m45s342ms).
2018-06-25 01:09:21.102 [HikariPool-1 housekeeper] WARN  com.zaxxer.hikari.pool.HikariPool -HikariPool-1 - Thread starvation or clock leap detected (housekeeper delta=1m13s577ms).
2018-06-25 01:43:14.554 [HikariPool-1 housekeeper] WARN  com.zaxxer.hikari.pool.HikariPool -HikariPool-1 - Thread starvation or clock leap detected (housekeeper delta=33m23s443ms).
2018-06-25 01:55:18.900 [HikariPool-1 housekeeper] WARN  com.zaxxer.hikari.pool.HikariPool -HikariPool-1 - Thread starvation or clock leap detected (housekeeper delta=11m34s341ms).
2018-06-25 02:15:49.179 [HikariPool-1 housekeeper] WARN  com.zaxxer.hikari.pool.HikariPool -HikariPool-1 - Thread starvation or clock leap detected (housekeeper delta=20m274ms).
2018-06-25 02:26:50.412 [HikariPool-1 housekeeper] WARN  com.zaxxer.hikari.pool.HikariPool -HikariPool-1 - Thread starvation or clock leap detected (housekeeper delta=10m31s229ms).
2018-06-25 02:52:51.736 [HikariPool-1 housekeeper] WARN  com.zaxxer.hikari.pool.HikariPool -HikariPool-1 - Thread starvation or clock leap detected (housekeeper delta=26m1s324ms).
2018-06-25 03:06:48.049 [HikariPool-1 housekeeper] WARN  com.zaxxer.hikari.pool.HikariPool -HikariPool-1 - Thread starvation or clock leap detected (housekeeper delta=13m26s308ms).
2018-06-25 03:26:44.285 [HikariPool-1 housekeeper] WARN  com.zaxxer.hikari.pool.HikariPool -HikariPool-1 - Thread starvation or clock leap detected (housekeeper delta=18m56s226ms).
2018-06-25 03:45:34.087 [HikariPool-1 housekeeper] WARN  com.zaxxer.hikari.pool.HikariPool -HikariPool-1 - Thread starvation or clock leap detected (housekeeper delta=18m49s802ms).
2018-06-25 03:56:35.931 [HikariPool-1 housekeeper] WARN  com.zaxxer.hikari.pool.HikariPool -HikariPool-1 - Thread starvation or clock leap detected (housekeeper delta=10m1s837ms).
2018-06-25 04:15:56.082 [HikariPool-1 housekeeper] WARN  com.zaxxer.hikari.pool.HikariPool -HikariPool-1 - Thread starvation or clock leap detected (housekeeper delta=19m20s151ms).
2018-06-25 04:34:51.410 [HikariPool-1 housekeeper] WARN  com.zaxxer.hikari.pool.HikariPool -HikariPool-1 - Thread starvation or clock leap detected (housekeeper delta=18m25s322ms).
2018-06-25 04:52:06.855 [HikariPool-1 housekeeper] WARN  com.zaxxer.hikari.pool.HikariPool -HikariPool-1 - Thread starvation or clock leap detected (housekeeper delta=16m45s440ms).
2018-06-25 05:11:01.179 [HikariPool-1 housekeeper] WARN  com.zaxxer.hikari.pool.HikariPool -HikariPool-1 - Thread starvation or clock leap detected (housekeeper delta=18m24s320ms).
2018-06-25 05:30:35.630 [HikariPool-1 housekeeper] WARN  com.zaxxer.hikari.pool.HikariPool -HikariPool-1 - Thread starvation or clock leap detected (housekeeper delta=19m4s447ms).
2018-06-25 05:46:35.901 [HikariPool-1 housekeeper] WARN  com.zaxxer.hikari.pool.HikariPool -HikariPool-1 - Thread starvation or clock leap detected (housekeeper delta=16m271ms).
2018-06-25 06:03:45.354 [HikariPool-1 housekeeper] WARN  com.zaxxer.hikari.pool.HikariPool -HikariPool-1 - Thread starvation or clock leap detected (housekeeper delta=16m39s443ms).
2018-06-25 06:25:34.651 [HikariPool-1 housekeeper] WARN  com.zaxxer.hikari.pool.HikariPool -HikariPool-1 - Thread starvation or clock leap detected (housekeeper delta=21m19s291ms).
2018-06-25 06:37:22.047 [HikariPool-1 housekeeper] WARN  com.zaxxer.hikari.pool.HikariPool -HikariPool-1 - Thread starvation or clock leap detected (housekeeper delta=11m17s391ms).
2018-06-25 06:48:05.188 [HikariPool-1 housekeeper] WARN  com.zaxxer.hikari.pool.HikariPool -HikariPool-1 - Thread starvation or clock leap detected (housekeeper delta=10m13s131ms).
2018-06-25 07:52:47.693 [HikariPool-1 housekeeper] WARN  com.zaxxer.hikari.pool.HikariPool -HikariPool-1 - Thread starvation or clock leap detected (housekeeper delta=3m12s96ms).
2018-06-25 08:49:50.946 [HikariPool-1 housekeeper] WARN  com.zaxxer.hikari.pool.HikariPool -HikariPool-1 - Thread starvation or clock leap detected (housekeeper delta=56m33s249ms).
2018-06-25 08:51:40.938 [HikariPool-1 housekeeper] WARN  com.zaxxer.hikari.pool.HikariPool -HikariPool-1 - Thread starvation or clock leap detected (housekeeper delta=1m49s992ms).
2018-06-25 09:12:32.855 [Thread-12] INFO  o.s.b.w.s.c.AnnotationConfigServletWebServerApplicationContext -Closing org.springframework.boot.web.servlet.context.AnnotationConfigServletWebServerApplicationContext@687ef2e0: startup date [Sun Jun 24 22:13:45 CST 2018]; root of context hierarchy
2018-06-25 09:12:32.867 [Thread-12] INFO  o.s.jmx.export.annotation.AnnotationMBeanExporter -Unregistering JMX-exposed beans on shutdown
2018-06-25 09:12:32.867 [Thread-12] INFO  o.s.jmx.export.annotation.AnnotationMBeanExporter -Unregistering JMX-exposed beans
2018-06-25 09:12:32.869 [Thread-12] INFO  o.s.orm.jpa.LocalContainerEntityManagerFactoryBean -Closing JPA EntityManagerFactory for persistence unit 'default'
2018-06-25 09:12:32.872 [Thread-12] INFO  com.zaxxer.hikari.HikariDataSource -HikariPool-1 - Shutdown initiated...
2018-06-25 09:12:32.877 [Thread-12] INFO  com.zaxxer.hikari.HikariDataSource -HikariPool-1 - Shutdown completed.
2018-06-25 22:43:28.467 [main] INFO  com.example.demo01.Demo01Application -Starting Demo01Application on hufeideMacBook-Pro.local with PID 27798 (/Users/hufei/Desktop/springboot/demo01/target/classes started by hufei in /Users/hufei/Desktop/springboot/demo01)
2018-06-25 22:43:28.470 [main] INFO  com.example.demo01.Demo01Application -No active profile set, falling back to default profiles: default
2018-06-25 22:43:28.506 [main] INFO  o.s.b.w.s.c.AnnotationConfigServletWebServerApplicationContext -Refreshing org.springframework.boot.web.servlet.context.AnnotationConfigServletWebServerApplicationContext@1e636ea3: startup date [Mon Jun 25 22:43:28 CST 2018]; root of context hierarchy
2018-06-25 22:43:29.486 [main] INFO  o.s.c.s.PostProcessorRegistrationDelegate$BeanPostProcessorChecker -Bean 'org.springframework.transaction.annotation.ProxyTransactionManagementConfiguration' of type [org.springframework.transaction.annotation.ProxyTransactionManagementConfiguration$$EnhancerBySpringCGLIB$$5dd686c4] is not eligible for getting processed by all BeanPostProcessors (for example: not eligible for auto-proxying)
2018-06-25 22:43:29.530 [main] INFO  o.s.c.s.PostProcessorRegistrationDelegate$BeanPostProcessorChecker -Bean 'org.springframework.security.config.annotation.configuration.ObjectPostProcessorConfiguration' of type [org.springframework.security.config.annotation.configuration.ObjectPostProcessorConfiguration$$EnhancerBySpringCGLIB$$f6844efe] is not eligible for getting processed by all BeanPostProcessors (for example: not eligible for auto-proxying)
2018-06-25 22:43:29.536 [main] INFO  o.s.c.s.PostProcessorRegistrationDelegate$BeanPostProcessorChecker -Bean 'objectPostProcessor' of type [org.springframework.security.config.annotation.configuration.AutowireBeanFactoryObjectPostProcessor] is not eligible for getting processed by all BeanPostProcessors (for example: not eligible for auto-proxying)
2018-06-25 22:43:29.538 [main] INFO  o.s.c.s.PostProcessorRegistrationDelegate$BeanPostProcessorChecker -Bean 'org.springframework.security.access.expression.method.DefaultMethodSecurityExpressionHandler@124ac145' of type [org.springframework.security.access.expression.method.DefaultMethodSecurityExpressionHandler] is not eligible for getting processed by all BeanPostProcessors (for example: not eligible for auto-proxying)
2018-06-25 22:43:29.544 [main] INFO  o.s.c.s.PostProcessorRegistrationDelegate$BeanPostProcessorChecker -Bean 'org.springframework.security.config.annotation.method.configuration.GlobalMethodSecurityConfiguration' of type [org.springframework.security.config.annotation.method.configuration.GlobalMethodSecurityConfiguration$$EnhancerBySpringCGLIB$$1b58f1b0] is not eligible for getting processed by all BeanPostProcessors (for example: not eligible for auto-proxying)
2018-06-25 22:43:29.551 [main] INFO  o.s.c.s.PostProcessorRegistrationDelegate$BeanPostProcessorChecker -Bean 'methodSecurityMetadataSource' of type [org.springframework.security.access.method.DelegatingMethodSecurityMetadataSource] is not eligible for getting processed by all BeanPostProcessors (for example: not eligible for auto-proxying)
2018-06-25 22:43:29.781 [main] INFO  o.s.boot.web.embedded.tomcat.TomcatWebServer -Tomcat initialized with port(s): 8888 (http)
2018-06-25 22:43:29.793 [main] INFO  org.apache.coyote.http11.Http11NioProtocol -Initializing ProtocolHandler ["http-nio-8888"]
2018-06-25 22:43:29.802 [main] INFO  org.apache.catalina.core.StandardService -Starting service [Tomcat]
2018-06-25 22:43:29.802 [main] INFO  org.apache.catalina.core.StandardEngine -Starting Servlet Engine: Apache Tomcat/8.5.31
2018-06-25 22:43:29.807 [localhost-startStop-1] INFO  org.apache.catalina.core.AprLifecycleListener -The APR based Apache Tomcat Native library which allows optimal performance in production environments was not found on the java.library.path: [/Users/hufei/Library/Java/Extensions:/Library/Java/Extensions:/Network/Library/Java/Extensions:/System/Library/Java/Extensions:/usr/lib/java:.]
2018-06-25 22:43:29.904 [localhost-startStop-1] INFO  o.a.c.c.C.[Tomcat].[localhost].[/demo01] -Initializing Spring embedded WebApplicationContext
2018-06-25 22:43:29.904 [localhost-startStop-1] INFO  org.springframework.web.context.ContextLoader -Root WebApplicationContext: initialization completed in 1398 ms
2018-06-25 22:43:30.024 [localhost-startStop-1] INFO  o.s.boot.web.servlet.FilterRegistrationBean -Mapping filter: 'characterEncodingFilter' to: [/*]
2018-06-25 22:43:30.024 [localhost-startStop-1] INFO  o.s.b.w.s.DelegatingFilterProxyRegistrationBean -Mapping filter: 'springSecurityFilterChain' to: [/*]
2018-06-25 22:43:30.025 [localhost-startStop-1] INFO  o.s.boot.web.servlet.ServletRegistrationBean -Servlet dispatcherServlet mapped to [/]
2018-06-25 22:43:30.210 [main] INFO  o.s.orm.jpa.LocalContainerEntityManagerFactoryBean -Building JPA container EntityManagerFactory for persistence unit 'default'
2018-06-25 22:43:30.226 [main] INFO  org.hibernate.jpa.internal.util.LogHelper -HHH000204: Processing PersistenceUnitInfo [
	name: default
	...]
2018-06-25 22:43:30.395 [main] INFO  org.hibernate.Version -HHH000412: Hibernate Core {5.2.17.Final}
2018-06-25 22:43:30.397 [main] INFO  org.hibernate.cfg.Environment -HHH000206: hibernate.properties not found
2018-06-25 22:43:30.446 [main] INFO  org.hibernate.annotations.common.Version -HCANN000001: Hibernate Commons Annotations {5.0.1.Final}
2018-06-25 22:43:30.568 [main] INFO  com.zaxxer.hikari.HikariDataSource -HikariPool-1 - Starting...
2018-06-25 22:43:30.777 [main] INFO  com.zaxxer.hikari.HikariDataSource -HikariPool-1 - Start completed.
2018-06-25 22:43:30.790 [main] INFO  org.hibernate.dialect.Dialect -HHH000400: Using dialect: org.hibernate.dialect.MySQL5Dialect
2018-06-25 22:43:31.334 [main] INFO  o.s.orm.jpa.LocalContainerEntityManagerFactoryBean -Initialized JPA EntityManagerFactory for persistence unit 'default'
2018-06-25 22:43:31.832 [main] INFO  o.s.w.s.m.m.a.RequestMappingHandlerMapping -Mapped "{[/index]}" onto public org.springframework.web.servlet.ModelAndView com.example.demo01.controller.IndexController.index(org.springframework.web.servlet.ModelAndView)
2018-06-25 22:43:31.833 [main] INFO  o.s.w.s.m.m.a.RequestMappingHandlerMapping -Mapped "{[/login]}" onto public org.springframework.web.servlet.ModelAndView com.example.demo01.controller.IndexController.login(org.springframework.web.servlet.ModelAndView)
2018-06-25 22:43:31.835 [main] INFO  o.s.w.s.m.m.a.RequestMappingHandlerMapping -Mapped "{[/user/register],methods=[POST]}" onto public com.example.demo01.domain.ResultEntity<java.lang.String> com.example.demo01.controller.UserController.register(com.example.demo01.domain.User)
2018-06-25 22:43:31.836 [main] INFO  o.s.w.s.m.m.a.RequestMappingHandlerMapping -Mapped "{[/user/save],methods=[POST]}" onto public com.example.demo01.domain.ResultEntity<java.lang.String> com.example.demo01.controller.UserController.save(com.example.demo01.domain.User,java.lang.Long)
2018-06-25 22:43:31.837 [main] INFO  o.s.w.s.m.m.a.RequestMappingHandlerMapping -Mapped "{[/user/test],methods=[POST]}" onto public com.example.demo01.domain.ResultEntity<java.lang.String> com.example.demo01.controller.UserController.test()
2018-06-25 22:43:31.840 [main] INFO  o.s.w.s.m.m.a.RequestMappingHandlerMapping -Mapped "{[/error]}" onto public org.springframework.http.ResponseEntity<java.util.Map<java.lang.String, java.lang.Object>> org.springframework.boot.autoconfigure.web.servlet.error.BasicErrorController.error(javax.servlet.http.HttpServletRequest)
2018-06-25 22:43:31.841 [main] INFO  o.s.w.s.m.m.a.RequestMappingHandlerMapping -Mapped "{[/error],produces=[text/html]}" onto public org.springframework.web.servlet.ModelAndView org.springframework.boot.autoconfigure.web.servlet.error.BasicErrorController.errorHtml(javax.servlet.http.HttpServletRequest,javax.servlet.http.HttpServletResponse)
2018-06-25 22:43:31.978 [main] INFO  o.s.w.s.m.m.a.RequestMappingHandlerAdapter -Looking for @ControllerAdvice: org.springframework.boot.web.servlet.context.AnnotationConfigServletWebServerApplicationContext@1e636ea3: startup date [Mon Jun 25 22:43:28 CST 2018]; root of context hierarchy
2018-06-25 22:43:32.032 [main] INFO  o.s.w.s.m.m.a.ExceptionHandlerExceptionResolver -Detected @ExceptionHandler methods in exceptionHandle
2018-06-25 22:43:32.263 [main] INFO  o.s.security.web.DefaultSecurityFilterChain -Creating filter chain: org.springframework.security.web.util.matcher.AnyRequestMatcher@1, [org.springframework.security.web.context.request.async.WebAsyncManagerIntegrationFilter@1bb4c431, org.springframework.security.web.context.SecurityContextPersistenceFilter@4d664323, org.springframework.security.web.header.HeaderWriterFilter@fb5d334, org.springframework.security.web.authentication.logout.LogoutFilter@7a78d380, org.springframework.security.web.authentication.UsernamePasswordAuthenticationFilter@1c792107, org.springframework.security.web.savedrequest.RequestCacheAwareFilter@2676d96a, org.springframework.security.web.servletapi.SecurityContextHolderAwareRequestFilter@29f8134, org.springframework.security.web.authentication.AnonymousAuthenticationFilter@4fd3b20a, org.springframework.security.web.session.SessionManagementFilter@2d459bda, org.springframework.security.web.access.ExceptionTranslationFilter@42dd7d82, org.springframework.security.web.access.intercept.FilterSecurityInterceptor@7bbd76b8]
2018-06-25 22:43:32.417 [main] WARN  o.s.b.a.o.j.JpaBaseConfiguration$JpaWebConfiguration$JpaWebMvcConfiguration -spring.jpa.open-in-view is enabled by default. Therefore, database queries may be performed during view rendering. Explicitly configure spring.jpa.open-in-view to disable this warning
2018-06-25 22:43:32.886 [main] INFO  o.s.jmx.export.annotation.AnnotationMBeanExporter -Registering beans for JMX exposure on startup
2018-06-25 22:43:32.887 [main] INFO  o.s.jmx.export.annotation.AnnotationMBeanExporter -Bean with name 'dataSource' has been autodetected for JMX exposure
2018-06-25 22:43:32.893 [main] INFO  o.s.jmx.export.annotation.AnnotationMBeanExporter -Located MBean 'dataSource': registering with JMX server as MBean [com.zaxxer.hikari:name=dataSource,type=HikariDataSource]
2018-06-25 22:43:32.904 [main] INFO  org.apache.coyote.http11.Http11NioProtocol -Starting ProtocolHandler ["http-nio-8888"]
2018-06-25 22:43:32.925 [main] INFO  org.apache.tomcat.util.net.NioSelectorPool -Using a shared selector for servlet write/read
2018-06-25 22:43:32.936 [main] INFO  o.s.boot.web.embedded.tomcat.TomcatWebServer -Tomcat started on port(s): 8888 (http) with context path '/demo01'
2018-06-25 22:43:32.940 [main] INFO  com.example.demo01.Demo01Application -Started Demo01Application in 24.823 seconds (JVM running for 35.566)
2018-06-25 22:46:19.764 [http-nio-8888-exec-1] INFO  o.a.c.c.C.[Tomcat].[localhost].[/demo01] -Initializing Spring FrameworkServlet 'dispatcherServlet'
2018-06-25 22:46:19.765 [http-nio-8888-exec-1] INFO  org.springframework.web.servlet.DispatcherServlet -FrameworkServlet 'dispatcherServlet': initialization started
2018-06-25 22:46:19.782 [http-nio-8888-exec-1] INFO  org.springframework.web.servlet.DispatcherServlet -FrameworkServlet 'dispatcherServlet': initialization completed in 17 ms
2018-06-25 22:46:19.813 [http-nio-8888-exec-1] WARN  org.springframework.web.servlet.PageNotFound -No mapping found for HTTP request with URI [/demo01/register] in DispatcherServlet with name 'dispatcherServlet'
2018-06-25 22:52:09.831 [HikariPool-1 housekeeper] WARN  com.zaxxer.hikari.pool.HikariPool -HikariPool-1 - Thread starvation or clock leap detected (housekeeper delta=1m53s987ms).
2018-06-25 23:45:12.243 [Thread-52] INFO  o.s.b.w.s.c.AnnotationConfigServletWebServerApplicationContext -Closing org.springframework.boot.web.servlet.context.AnnotationConfigServletWebServerApplicationContext@1e636ea3: startup date [Mon Jun 25 22:43:28 CST 2018]; root of context hierarchy
2018-06-25 23:45:12.246 [Thread-52] INFO  o.s.jmx.export.annotation.AnnotationMBeanExporter -Unregistering JMX-exposed beans on shutdown
2018-06-25 23:45:12.246 [Thread-52] INFO  o.s.jmx.export.annotation.AnnotationMBeanExporter -Unregistering JMX-exposed beans
2018-06-25 23:45:12.247 [Thread-52] INFO  o.s.orm.jpa.LocalContainerEntityManagerFactoryBean -Closing JPA EntityManagerFactory for persistence unit 'default'
2018-06-25 23:45:12.248 [Thread-52] INFO  com.zaxxer.hikari.HikariDataSource -HikariPool-1 - Shutdown initiated...
2018-06-25 23:45:12.250 [Thread-52] INFO  com.zaxxer.hikari.HikariDataSource -HikariPool-1 - Shutdown completed.
2018-06-25 23:45:54.956 [main] INFO  com.example.demo01.Demo01Application -Starting Demo01Application on hufeideMacBook-Pro.local with PID 27840 (/Users/hufei/Desktop/springboot/demo01/target/classes started by hufei in /Users/hufei/Desktop/springboot/demo01)
2018-06-25 23:45:54.959 [main] INFO  com.example.demo01.Demo01Application -No active profile set, falling back to default profiles: default
2018-06-25 23:45:54.989 [main] INFO  o.s.b.w.s.c.AnnotationConfigServletWebServerApplicationContext -Refreshing org.springframework.boot.web.servlet.context.AnnotationConfigServletWebServerApplicationContext@23d1e5d0: startup date [Mon Jun 25 23:45:54 CST 2018]; root of context hierarchy
2018-06-25 23:45:55.738 [main] INFO  o.s.c.s.PostProcessorRegistrationDelegate$BeanPostProcessorChecker -Bean 'org.springframework.transaction.annotation.ProxyTransactionManagementConfiguration' of type [org.springframework.transaction.annotation.ProxyTransactionManagementConfiguration$$EnhancerBySpringCGLIB$$b802c57c] is not eligible for getting processed by all BeanPostProcessors (for example: not eligible for auto-proxying)
2018-06-25 23:45:55.777 [main] INFO  o.s.c.s.PostProcessorRegistrationDelegate$BeanPostProcessorChecker -Bean 'org.springframework.security.config.annotation.configuration.ObjectPostProcessorConfiguration' of type [org.springframework.security.config.annotation.configuration.ObjectPostProcessorConfiguration$$EnhancerBySpringCGLIB$$50b08db6] is not eligible for getting processed by all BeanPostProcessors (for example: not eligible for auto-proxying)
2018-06-25 23:45:55.785 [main] INFO  o.s.c.s.PostProcessorRegistrationDelegate$BeanPostProcessorChecker -Bean 'objectPostProcessor' of type [org.springframework.security.config.annotation.configuration.AutowireBeanFactoryObjectPostProcessor] is not eligible for getting processed by all BeanPostProcessors (for example: not eligible for auto-proxying)
2018-06-25 23:45:55.786 [main] INFO  o.s.c.s.PostProcessorRegistrationDelegate$BeanPostProcessorChecker -Bean 'org.springframework.security.access.expression.method.DefaultMethodSecurityExpressionHandler@3dffc764' of type [org.springframework.security.access.expression.method.DefaultMethodSecurityExpressionHandler] is not eligible for getting processed by all BeanPostProcessors (for example: not eligible for auto-proxying)
2018-06-25 23:45:55.792 [main] INFO  o.s.c.s.PostProcessorRegistrationDelegate$BeanPostProcessorChecker -Bean 'org.springframework.security.config.annotation.method.configuration.GlobalMethodSecurityConfiguration' of type [org.springframework.security.config.annotation.method.configuration.GlobalMethodSecurityConfiguration$$EnhancerBySpringCGLIB$$75853068] is not eligible for getting processed by all BeanPostProcessors (for example: not eligible for auto-proxying)
2018-06-25 23:45:55.800 [main] INFO  o.s.c.s.PostProcessorRegistrationDelegate$BeanPostProcessorChecker -Bean 'methodSecurityMetadataSource' of type [org.springframework.security.access.method.DelegatingMethodSecurityMetadataSource] is not eligible for getting processed by all BeanPostProcessors (for example: not eligible for auto-proxying)
2018-06-25 23:45:56.029 [main] INFO  o.s.boot.web.embedded.tomcat.TomcatWebServer -Tomcat initialized with port(s): 8888 (http)
2018-06-25 23:45:56.052 [main] INFO  org.apache.coyote.http11.Http11NioProtocol -Initializing ProtocolHandler ["http-nio-8888"]
2018-06-25 23:45:56.060 [main] INFO  org.apache.catalina.core.StandardService -Starting service [Tomcat]
2018-06-25 23:45:56.060 [main] INFO  org.apache.catalina.core.StandardEngine -Starting Servlet Engine: Apache Tomcat/8.5.31
2018-06-25 23:45:56.064 [localhost-startStop-1] INFO  org.apache.catalina.core.AprLifecycleListener -The APR based Apache Tomcat Native library which allows optimal performance in production environments was not found on the java.library.path: [/Users/hufei/Library/Java/Extensions:/Library/Java/Extensions:/Network/Library/Java/Extensions:/System/Library/Java/Extensions:/usr/lib/java:.]
2018-06-25 23:45:56.130 [localhost-startStop-1] INFO  o.a.c.c.C.[Tomcat].[localhost].[/demo01] -Initializing Spring embedded WebApplicationContext
2018-06-25 23:45:56.130 [localhost-startStop-1] INFO  org.springframework.web.context.ContextLoader -Root WebApplicationContext: initialization completed in 1141 ms
2018-06-25 23:45:56.239 [localhost-startStop-1] INFO  o.s.boot.web.servlet.FilterRegistrationBean -Mapping filter: 'characterEncodingFilter' to: [/*]
2018-06-25 23:45:56.239 [localhost-startStop-1] INFO  o.s.b.w.s.DelegatingFilterProxyRegistrationBean -Mapping filter: 'springSecurityFilterChain' to: [/*]
2018-06-25 23:45:56.240 [localhost-startStop-1] INFO  o.s.boot.web.servlet.ServletRegistrationBean -Servlet dispatcherServlet mapped to [/]
2018-06-25 23:45:56.389 [main] INFO  o.s.orm.jpa.LocalContainerEntityManagerFactoryBean -Building JPA container EntityManagerFactory for persistence unit 'default'
2018-06-25 23:45:56.399 [main] INFO  org.hibernate.jpa.internal.util.LogHelper -HHH000204: Processing PersistenceUnitInfo [
	name: default
	...]
2018-06-25 23:45:56.528 [main] INFO  org.hibernate.Version -HHH000412: Hibernate Core {5.2.17.Final}
2018-06-25 23:45:56.529 [main] INFO  org.hibernate.cfg.Environment -HHH000206: hibernate.properties not found
2018-06-25 23:45:56.558 [main] INFO  org.hibernate.annotations.common.Version -HCANN000001: Hibernate Commons Annotations {5.0.1.Final}
2018-06-25 23:45:56.637 [main] INFO  com.zaxxer.hikari.HikariDataSource -HikariPool-1 - Starting...
2018-06-25 23:45:56.801 [main] INFO  com.zaxxer.hikari.HikariDataSource -HikariPool-1 - Start completed.
2018-06-25 23:45:56.809 [main] INFO  org.hibernate.dialect.Dialect -HHH000400: Using dialect: org.hibernate.dialect.MySQL5Dialect
2018-06-25 23:45:57.194 [main] INFO  o.s.orm.jpa.LocalContainerEntityManagerFactoryBean -Initialized JPA EntityManagerFactory for persistence unit 'default'
2018-06-25 23:45:57.635 [main] INFO  o.s.w.s.m.m.a.RequestMappingHandlerMapping -Mapped "{[/index]}" onto public org.springframework.web.servlet.ModelAndView com.example.demo01.controller.IndexController.index(org.springframework.web.servlet.ModelAndView)
2018-06-25 23:45:57.636 [main] INFO  o.s.w.s.m.m.a.RequestMappingHandlerMapping -Mapped "{[/login]}" onto public org.springframework.web.servlet.ModelAndView com.example.demo01.controller.IndexController.login(org.springframework.web.servlet.ModelAndView)
2018-06-25 23:45:57.637 [main] INFO  o.s.w.s.m.m.a.RequestMappingHandlerMapping -Mapped "{[/user/register],methods=[POST]}" onto public com.example.demo01.domain.ResultEntity<java.lang.String> com.example.demo01.controller.UserController.register(com.example.demo01.domain.User)
2018-06-25 23:45:57.638 [main] INFO  o.s.w.s.m.m.a.RequestMappingHandlerMapping -Mapped "{[/user/save],methods=[POST]}" onto public com.example.demo01.domain.ResultEntity<java.lang.String> com.example.demo01.controller.UserController.save(com.example.demo01.domain.User,java.lang.Long)
2018-06-25 23:45:57.639 [main] INFO  o.s.w.s.m.m.a.RequestMappingHandlerMapping -Mapped "{[/user/test],methods=[POST]}" onto public com.example.demo01.domain.ResultEntity<java.lang.String> com.example.demo01.controller.UserController.test()
2018-06-25 23:45:57.639 [main] INFO  o.s.w.s.m.m.a.RequestMappingHandlerMapping -Mapped "{[/user/page],methods=[POST]}" onto public com.example.demo01.domain.ResultEntity<java.lang.String> com.example.demo01.controller.UserController.page(int,int)
2018-06-25 23:45:57.643 [main] INFO  o.s.w.s.m.m.a.RequestMappingHandlerMapping -Mapped "{[/error]}" onto public org.springframework.http.ResponseEntity<java.util.Map<java.lang.String, java.lang.Object>> org.springframework.boot.autoconfigure.web.servlet.error.BasicErrorController.error(javax.servlet.http.HttpServletRequest)
2018-06-25 23:45:57.643 [main] INFO  o.s.w.s.m.m.a.RequestMappingHandlerMapping -Mapped "{[/error],produces=[text/html]}" onto public org.springframework.web.servlet.ModelAndView org.springframework.boot.autoconfigure.web.servlet.error.BasicErrorController.errorHtml(javax.servlet.http.HttpServletRequest,javax.servlet.http.HttpServletResponse)
2018-06-25 23:45:57.763 [main] INFO  o.s.w.s.m.m.a.RequestMappingHandlerAdapter -Looking for @ControllerAdvice: org.springframework.boot.web.servlet.context.AnnotationConfigServletWebServerApplicationContext@23d1e5d0: startup date [Mon Jun 25 23:45:54 CST 2018]; root of context hierarchy
2018-06-25 23:45:57.804 [main] INFO  o.s.w.s.m.m.a.ExceptionHandlerExceptionResolver -Detected @ExceptionHandler methods in exceptionHandle
2018-06-25 23:45:58.019 [main] INFO  o.s.security.web.DefaultSecurityFilterChain -Creating filter chain: org.springframework.security.web.util.matcher.AnyRequestMatcher@1, [org.springframework.security.web.context.request.async.WebAsyncManagerIntegrationFilter@722b3ba2, org.springframework.security.web.context.SecurityContextPersistenceFilter@fa11fda, org.springframework.security.web.header.HeaderWriterFilter@28b2e4d8, org.springframework.security.web.authentication.logout.LogoutFilter@52eca410, org.springframework.security.web.authentication.UsernamePasswordAuthenticationFilter@4bbc02ef, org.springframework.security.web.savedrequest.RequestCacheAwareFilter@7d95166a, org.springframework.security.web.servletapi.SecurityContextHolderAwareRequestFilter@41f40dfa, org.springframework.security.web.authentication.AnonymousAuthenticationFilter@6487f7f8, org.springframework.security.web.session.SessionManagementFilter@199806aa, org.springframework.security.web.access.ExceptionTranslationFilter@396f2724, org.springframework.security.web.access.intercept.FilterSecurityInterceptor@24dc150c]
2018-06-25 23:45:58.148 [main] WARN  o.s.b.a.o.j.JpaBaseConfiguration$JpaWebConfiguration$JpaWebMvcConfiguration -spring.jpa.open-in-view is enabled by default. Therefore, database queries may be performed during view rendering. Explicitly configure spring.jpa.open-in-view to disable this warning
2018-06-25 23:45:58.490 [main] INFO  o.s.jmx.export.annotation.AnnotationMBeanExporter -Registering beans for JMX exposure on startup
2018-06-25 23:45:58.491 [main] INFO  o.s.jmx.export.annotation.AnnotationMBeanExporter -Bean with name 'dataSource' has been autodetected for JMX exposure
2018-06-25 23:45:58.496 [main] INFO  o.s.jmx.export.annotation.AnnotationMBeanExporter -Located MBean 'dataSource': registering with JMX server as MBean [com.zaxxer.hikari:name=dataSource,type=HikariDataSource]
2018-06-25 23:45:58.506 [main] INFO  org.apache.coyote.http11.Http11NioProtocol -Starting ProtocolHandler ["http-nio-8888"]
2018-06-25 23:45:58.526 [main] INFO  org.apache.tomcat.util.net.NioSelectorPool -Using a shared selector for servlet write/read
2018-06-25 23:45:58.538 [main] INFO  o.s.boot.web.embedded.tomcat.TomcatWebServer -Tomcat started on port(s): 8888 (http) with context path '/demo01'
2018-06-25 23:45:58.541 [main] INFO  com.example.demo01.Demo01Application -Started Demo01Application in 23.865 seconds (JVM running for 34.475)
2018-06-25 23:47:33.896 [http-nio-8888-exec-1] INFO  o.a.c.c.C.[Tomcat].[localhost].[/demo01] -Initializing Spring FrameworkServlet 'dispatcherServlet'
2018-06-25 23:47:33.896 [http-nio-8888-exec-1] INFO  org.springframework.web.servlet.DispatcherServlet -FrameworkServlet 'dispatcherServlet': initialization started
2018-06-25 23:47:33.914 [http-nio-8888-exec-1] INFO  org.springframework.web.servlet.DispatcherServlet -FrameworkServlet 'dispatcherServlet': initialization completed in 16 ms
2018-06-25 23:47:33.993 [http-nio-8888-exec-1] INFO  o.h.hql.internal.QueryTranslatorFactoryInitiator -HHH000397: Using ASTQueryTranslatorFactory
2018-06-25 23:56:33.977 [Thread-50] INFO  o.s.b.w.s.c.AnnotationConfigServletWebServerApplicationContext -Closing org.springframework.boot.web.servlet.context.AnnotationConfigServletWebServerApplicationContext@23d1e5d0: startup date [Mon Jun 25 23:45:54 CST 2018]; root of context hierarchy
2018-06-25 23:56:33.979 [Thread-50] INFO  o.s.jmx.export.annotation.AnnotationMBeanExporter -Unregistering JMX-exposed beans on shutdown
2018-06-25 23:56:33.980 [Thread-50] INFO  o.s.jmx.export.annotation.AnnotationMBeanExporter -Unregistering JMX-exposed beans
2018-06-25 23:56:33.981 [Thread-50] INFO  o.s.orm.jpa.LocalContainerEntityManagerFactoryBean -Closing JPA EntityManagerFactory for persistence unit 'default'
2018-06-25 23:56:33.982 [Thread-50] INFO  com.zaxxer.hikari.HikariDataSource -HikariPool-1 - Shutdown initiated...
2018-06-25 23:56:33.986 [Thread-50] INFO  com.zaxxer.hikari.HikariDataSource -HikariPool-1 - Shutdown completed.
2018-06-25 23:57:16.524 [main] INFO  com.example.demo01.Demo01Application -Starting Demo01Application on hufeideMacBook-Pro.local with PID 27857 (/Users/hufei/Desktop/springboot/demo01/target/classes started by hufei in /Users/hufei/Desktop/springboot/demo01)
2018-06-25 23:57:16.527 [main] INFO  com.example.demo01.Demo01Application -No active profile set, falling back to default profiles: default
2018-06-25 23:57:16.557 [main] INFO  o.s.b.w.s.c.AnnotationConfigServletWebServerApplicationContext -Refreshing org.springframework.boot.web.servlet.context.AnnotationConfigServletWebServerApplicationContext@20b12f8a: startup date [Mon Jun 25 23:57:16 CST 2018]; root of context hierarchy
2018-06-25 23:57:17.328 [main] INFO  o.s.c.s.PostProcessorRegistrationDelegate$BeanPostProcessorChecker -Bean 'org.springframework.transaction.annotation.ProxyTransactionManagementConfiguration' of type [org.springframework.transaction.annotation.ProxyTransactionManagementConfiguration$$EnhancerBySpringCGLIB$$64a9d9b0] is not eligible for getting processed by all BeanPostProcessors (for example: not eligible for auto-proxying)
2018-06-25 23:57:17.366 [main] INFO  o.s.c.s.PostProcessorRegistrationDelegate$BeanPostProcessorChecker -Bean 'org.springframework.security.config.annotation.configuration.ObjectPostProcessorConfiguration' of type [org.springframework.security.config.annotation.configuration.ObjectPostProcessorConfiguration$$EnhancerBySpringCGLIB$$fd57a1ea] is not eligible for getting processed by all BeanPostProcessors (for example: not eligible for auto-proxying)
2018-06-25 23:57:17.373 [main] INFO  o.s.c.s.PostProcessorRegistrationDelegate$BeanPostProcessorChecker -Bean 'objectPostProcessor' of type [org.springframework.security.config.annotation.configuration.AutowireBeanFactoryObjectPostProcessor] is not eligible for getting processed by all BeanPostProcessors (for example: not eligible for auto-proxying)
2018-06-25 23:57:17.374 [main] INFO  o.s.c.s.PostProcessorRegistrationDelegate$BeanPostProcessorChecker -Bean 'org.springframework.security.access.expression.method.DefaultMethodSecurityExpressionHandler@4a163575' of type [org.springframework.security.access.expression.method.DefaultMethodSecurityExpressionHandler] is not eligible for getting processed by all BeanPostProcessors (for example: not eligible for auto-proxying)
2018-06-25 23:57:17.378 [main] INFO  o.s.c.s.PostProcessorRegistrationDelegate$BeanPostProcessorChecker -Bean 'org.springframework.security.config.annotation.method.configuration.GlobalMethodSecurityConfiguration' of type [org.springframework.security.config.annotation.method.configuration.GlobalMethodSecurityConfiguration$$EnhancerBySpringCGLIB$$222c449c] is not eligible for getting processed by all BeanPostProcessors (for example: not eligible for auto-proxying)
2018-06-25 23:57:17.385 [main] INFO  o.s.c.s.PostProcessorRegistrationDelegate$BeanPostProcessorChecker -Bean 'methodSecurityMetadataSource' of type [org.springframework.security.access.method.DelegatingMethodSecurityMetadataSource] is not eligible for getting processed by all BeanPostProcessors (for example: not eligible for auto-proxying)
2018-06-25 23:57:17.596 [main] INFO  o.s.boot.web.embedded.tomcat.TomcatWebServer -Tomcat initialized with port(s): 8888 (http)
2018-06-25 23:57:17.606 [main] INFO  org.apache.coyote.http11.Http11NioProtocol -Initializing ProtocolHandler ["http-nio-8888"]
2018-06-25 23:57:17.614 [main] INFO  org.apache.catalina.core.StandardService -Starting service [Tomcat]
2018-06-25 23:57:17.614 [main] INFO  org.apache.catalina.core.StandardEngine -Starting Servlet Engine: Apache Tomcat/8.5.31
2018-06-25 23:57:17.619 [localhost-startStop-1] INFO  org.apache.catalina.core.AprLifecycleListener -The APR based Apache Tomcat Native library which allows optimal performance in production environments was not found on the java.library.path: [/Users/hufei/Library/Java/Extensions:/Library/Java/Extensions:/Network/Library/Java/Extensions:/System/Library/Java/Extensions:/usr/lib/java:.]
2018-06-25 23:57:17.683 [localhost-startStop-1] INFO  o.a.c.c.C.[Tomcat].[localhost].[/demo01] -Initializing Spring embedded WebApplicationContext
2018-06-25 23:57:17.683 [localhost-startStop-1] INFO  org.springframework.web.context.ContextLoader -Root WebApplicationContext: initialization completed in 1126 ms
2018-06-25 23:57:17.789 [localhost-startStop-1] INFO  o.s.boot.web.servlet.FilterRegistrationBean -Mapping filter: 'characterEncodingFilter' to: [/*]
2018-06-25 23:57:17.789 [localhost-startStop-1] INFO  o.s.b.w.s.DelegatingFilterProxyRegistrationBean -Mapping filter: 'springSecurityFilterChain' to: [/*]
2018-06-25 23:57:17.789 [localhost-startStop-1] INFO  o.s.boot.web.servlet.ServletRegistrationBean -Servlet dispatcherServlet mapped to [/]
2018-06-25 23:57:17.957 [main] INFO  o.s.orm.jpa.LocalContainerEntityManagerFactoryBean -Building JPA container EntityManagerFactory for persistence unit 'default'
2018-06-25 23:57:17.966 [main] INFO  org.hibernate.jpa.internal.util.LogHelper -HHH000204: Processing PersistenceUnitInfo [
	name: default
	...]
2018-06-25 23:57:18.112 [main] INFO  org.hibernate.Version -HHH000412: Hibernate Core {5.2.17.Final}
2018-06-25 23:57:18.113 [main] INFO  org.hibernate.cfg.Environment -HHH000206: hibernate.properties not found
2018-06-25 23:57:18.145 [main] INFO  org.hibernate.annotations.common.Version -HCANN000001: Hibernate Commons Annotations {5.0.1.Final}
2018-06-25 23:57:18.226 [main] INFO  com.zaxxer.hikari.HikariDataSource -HikariPool-1 - Starting...
2018-06-25 23:57:18.401 [main] INFO  com.zaxxer.hikari.HikariDataSource -HikariPool-1 - Start completed.
2018-06-25 23:57:18.410 [main] INFO  org.hibernate.dialect.Dialect -HHH000400: Using dialect: org.hibernate.dialect.MySQL5Dialect
2018-06-25 23:57:18.825 [main] INFO  o.s.orm.jpa.LocalContainerEntityManagerFactoryBean -Initialized JPA EntityManagerFactory for persistence unit 'default'
2018-06-25 23:57:19.326 [main] INFO  o.s.w.s.m.m.a.RequestMappingHandlerMapping -Mapped "{[/index]}" onto public org.springframework.web.servlet.ModelAndView com.example.demo01.controller.IndexController.index(org.springframework.web.servlet.ModelAndView)
2018-06-25 23:57:19.326 [main] INFO  o.s.w.s.m.m.a.RequestMappingHandlerMapping -Mapped "{[/login]}" onto public org.springframework.web.servlet.ModelAndView com.example.demo01.controller.IndexController.login(org.springframework.web.servlet.ModelAndView)
2018-06-25 23:57:19.328 [main] INFO  o.s.w.s.m.m.a.RequestMappingHandlerMapping -Mapped "{[/user/register],methods=[POST]}" onto public com.example.demo01.domain.ResultEntity<java.lang.String> com.example.demo01.controller.UserController.register(com.example.demo01.domain.User)
2018-06-25 23:57:19.329 [main] INFO  o.s.w.s.m.m.a.RequestMappingHandlerMapping -Mapped "{[/user/save],methods=[POST]}" onto public com.example.demo01.domain.ResultEntity<java.lang.String> com.example.demo01.controller.UserController.save(com.example.demo01.domain.User,java.lang.Long)
2018-06-25 23:57:19.329 [main] INFO  o.s.w.s.m.m.a.RequestMappingHandlerMapping -Mapped "{[/user/test],methods=[POST]}" onto public com.example.demo01.domain.ResultEntity<java.lang.String> com.example.demo01.controller.UserController.test()
2018-06-25 23:57:19.330 [main] INFO  o.s.w.s.m.m.a.RequestMappingHandlerMapping -Mapped "{[/user/page],methods=[POST]}" onto public com.example.demo01.domain.ResultEntity<java.lang.String> com.example.demo01.controller.UserController.page(int,int)
2018-06-25 23:57:19.333 [main] INFO  o.s.w.s.m.m.a.RequestMappingHandlerMapping -Mapped "{[/error]}" onto public org.springframework.http.ResponseEntity<java.util.Map<java.lang.String, java.lang.Object>> org.springframework.boot.autoconfigure.web.servlet.error.BasicErrorController.error(javax.servlet.http.HttpServletRequest)
2018-06-25 23:57:19.333 [main] INFO  o.s.w.s.m.m.a.RequestMappingHandlerMapping -Mapped "{[/error],produces=[text/html]}" onto public org.springframework.web.servlet.ModelAndView org.springframework.boot.autoconfigure.web.servlet.error.BasicErrorController.errorHtml(javax.servlet.http.HttpServletRequest,javax.servlet.http.HttpServletResponse)
2018-06-25 23:57:19.468 [main] INFO  o.s.w.s.m.m.a.RequestMappingHandlerAdapter -Looking for @ControllerAdvice: org.springframework.boot.web.servlet.context.AnnotationConfigServletWebServerApplicationContext@20b12f8a: startup date [Mon Jun 25 23:57:16 CST 2018]; root of context hierarchy
2018-06-25 23:57:19.514 [main] INFO  o.s.w.s.m.m.a.ExceptionHandlerExceptionResolver -Detected @ExceptionHandler methods in exceptionHandle
2018-06-25 23:57:19.780 [main] INFO  o.s.security.web.DefaultSecurityFilterChain -Creating filter chain: org.springframework.security.web.util.matcher.AnyRequestMatcher@1, [org.springframework.security.web.context.request.async.WebAsyncManagerIntegrationFilter@f36f34d, org.springframework.security.web.context.SecurityContextPersistenceFilter@e8c84eb, org.springframework.security.web.header.HeaderWriterFilter@af9dd34, org.springframework.security.web.authentication.logout.LogoutFilter@47e60b71, org.springframework.security.web.authentication.UsernamePasswordAuthenticationFilter@39ae6408, org.springframework.security.web.savedrequest.RequestCacheAwareFilter@283bb8b7, org.springframework.security.web.servletapi.SecurityContextHolderAwareRequestFilter@3ea2f72e, org.springframework.security.web.authentication.AnonymousAuthenticationFilter@72e36677, org.springframework.security.web.session.SessionManagementFilter@151659dd, org.springframework.security.web.access.ExceptionTranslationFilter@4f525e13, org.springframework.security.web.access.intercept.FilterSecurityInterceptor@2b62475a]
2018-06-25 23:57:19.949 [main] WARN  o.s.b.a.o.j.JpaBaseConfiguration$JpaWebConfiguration$JpaWebMvcConfiguration -spring.jpa.open-in-view is enabled by default. Therefore, database queries may be performed during view rendering. Explicitly configure spring.jpa.open-in-view to disable this warning
2018-06-25 23:57:20.331 [main] INFO  o.s.jmx.export.annotation.AnnotationMBeanExporter -Registering beans for JMX exposure on startup
2018-06-25 23:57:20.333 [main] INFO  o.s.jmx.export.annotation.AnnotationMBeanExporter -Bean with name 'dataSource' has been autodetected for JMX exposure
2018-06-25 23:57:20.339 [main] INFO  o.s.jmx.export.annotation.AnnotationMBeanExporter -Located MBean 'dataSource': registering with JMX server as MBean [com.zaxxer.hikari:name=dataSource,type=HikariDataSource]
2018-06-25 23:57:20.350 [main] INFO  org.apache.coyote.http11.Http11NioProtocol -Starting ProtocolHandler ["http-nio-8888"]
2018-06-25 23:57:20.374 [main] INFO  org.apache.tomcat.util.net.NioSelectorPool -Using a shared selector for servlet write/read
2018-06-25 23:57:20.386 [main] INFO  o.s.boot.web.embedded.tomcat.TomcatWebServer -Tomcat started on port(s): 8888 (http) with context path '/demo01'
2018-06-25 23:57:20.403 [main] INFO  com.example.demo01.Demo01Application -Started Demo01Application in 24.221 seconds (JVM running for 34.852)
