2018-06-26 00:01:40.973 [http-nio-8888-exec-1] INFO  o.a.c.c.C.[Tomcat].[localhost].[/demo01] -Initializing Spring FrameworkServlet 'dispatcherServlet'
2018-06-26 00:01:40.975 [http-nio-8888-exec-1] INFO  org.springframework.web.servlet.DispatcherServlet -FrameworkServlet 'dispatcherServlet': initialization started
2018-06-26 00:01:40.992 [http-nio-8888-exec-1] INFO  org.springframework.web.servlet.DispatcherServlet -FrameworkServlet 'dispatcherServlet': initialization completed in 17 ms
2018-06-26 00:01:41.072 [http-nio-8888-exec-1] INFO  o.h.hql.internal.QueryTranslatorFactoryInitiator -HHH000397: Using ASTQueryTranslatorFactory
2018-06-26 00:11:06.038 [Thread-52] INFO  o.s.b.w.s.c.AnnotationConfigServletWebServerApplicationContext -Closing org.springframework.boot.web.servlet.context.AnnotationConfigServletWebServerApplicationContext@20b12f8a: startup date [Mon Jun 25 23:57:16 CST 2018]; root of context hierarchy
2018-06-26 00:11:06.040 [Thread-52] INFO  o.s.jmx.export.annotation.AnnotationMBeanExporter -Unregistering JMX-exposed beans on shutdown
2018-06-26 00:11:06.041 [Thread-52] INFO  o.s.jmx.export.annotation.AnnotationMBeanExporter -Unregistering JMX-exposed beans
2018-06-26 00:11:06.042 [Thread-52] INFO  o.s.orm.jpa.LocalContainerEntityManagerFactoryBean -Closing JPA EntityManagerFactory for persistence unit 'default'
2018-06-26 00:11:06.043 [Thread-52] INFO  com.zaxxer.hikari.HikariDataSource -HikariPool-1 - Shutdown initiated...
2018-06-26 00:11:06.048 [Thread-52] INFO  com.zaxxer.hikari.HikariDataSource -HikariPool-1 - Shutdown completed.
2018-06-26 00:11:48.767 [main] INFO  com.example.demo01.Demo01Application -Starting Demo01Application on hufeideMacBook-Pro.local with PID 27891 (/Users/hufei/Desktop/springboot/demo01/target/classes started by hufei in /Users/hufei/Desktop/springboot/demo01)
2018-06-26 00:11:48.770 [main] INFO  com.example.demo01.Demo01Application -No active profile set, falling back to default profiles: default
2018-06-26 00:11:48.806 [main] INFO  o.s.b.w.s.c.AnnotationConfigServletWebServerApplicationContext -Refreshing org.springframework.boot.web.servlet.context.AnnotationConfigServletWebServerApplicationContext@2654635: startup date [Tue Jun 26 00:11:48 CST 2018]; root of context hierarchy
2018-06-26 00:11:49.627 [main] INFO  o.s.c.s.PostProcessorRegistrationDelegate$BeanPostProcessorChecker -Bean 'org.springframework.transaction.annotation.ProxyTransactionManagementConfiguration' of type [org.springframework.transaction.annotation.ProxyTransactionManagementConfiguration$$EnhancerBySpringCGLIB$$9368e4d7] is not eligible for getting processed by all BeanPostProcessors (for example: not eligible for auto-proxying)
2018-06-26 00:11:49.665 [main] INFO  o.s.c.s.PostProcessorRegistrationDelegate$BeanPostProcessorChecker -Bean 'org.springframework.security.config.annotation.configuration.ObjectPostProcessorConfiguration' of type [org.springframework.security.config.annotation.configuration.ObjectPostProcessorConfiguration$$EnhancerBySpringCGLIB$$2c16ad11] is not eligible for getting processed by all BeanPostProcessors (for example: not eligible for auto-proxying)
2018-06-26 00:11:49.672 [main] INFO  o.s.c.s.PostProcessorRegistrationDelegate$BeanPostProcessorChecker -Bean 'objectPostProcessor' of type [org.springframework.security.config.annotation.configuration.AutowireBeanFactoryObjectPostProcessor] is not eligible for getting processed by all BeanPostProcessors (for example: not eligible for auto-proxying)
2018-06-26 00:11:49.673 [main] INFO  o.s.c.s.PostProcessorRegistrationDelegate$BeanPostProcessorChecker -Bean 'org.springframework.security.access.expression.method.DefaultMethodSecurityExpressionHandler@3dd4a6fa' of type [org.springframework.security.access.expression.method.DefaultMethodSecurityExpressionHandler] is not eligible for getting processed by all BeanPostProcessors (for example: not eligible for auto-proxying)
2018-06-26 00:11:49.679 [main] INFO  o.s.c.s.PostProcessorRegistrationDelegate$BeanPostProcessorChecker -Bean 'org.springframework.security.config.annotation.method.configuration.GlobalMethodSecurityConfiguration' of type [org.springframework.security.config.annotation.method.configuration.GlobalMethodSecurityConfiguration$$EnhancerBySpringCGLIB$$50eb4fc3] is not eligible for getting processed by all BeanPostProcessors (for example: not eligible for auto-proxying)
2018-06-26 00:11:49.687 [main] INFO  o.s.c.s.PostProcessorRegistrationDelegate$BeanPostProcessorChecker -Bean 'methodSecurityMetadataSource' of type [org.springframework.security.access.method.DelegatingMethodSecurityMetadataSource] is not eligible for getting processed by all BeanPostProcessors (for example: not eligible for auto-proxying)
2018-06-26 00:11:49.950 [main] INFO  o.s.boot.web.embedded.tomcat.TomcatWebServer -Tomcat initialized with port(s): 8888 (http)
2018-06-26 00:11:49.963 [main] INFO  org.apache.coyote.http11.Http11NioProtocol -Initializing ProtocolHandler ["http-nio-8888"]
2018-06-26 00:11:49.971 [main] INFO  org.apache.catalina.core.StandardService -Starting service [Tomcat]
2018-06-26 00:11:49.971 [main] INFO  org.apache.catalina.core.StandardEngine -Starting Servlet Engine: Apache Tomcat/8.5.31
2018-06-26 00:11:49.975 [localhost-startStop-1] INFO  org.apache.catalina.core.AprLifecycleListener -The APR based Apache Tomcat Native library which allows optimal performance in production environments was not found on the java.library.path: [/Users/hufei/Library/Java/Extensions:/Library/Java/Extensions:/Network/Library/Java/Extensions:/System/Library/Java/Extensions:/usr/lib/java:.]
2018-06-26 00:11:50.046 [localhost-startStop-1] INFO  o.a.c.c.C.[Tomcat].[localhost].[/demo01] -Initializing Spring embedded WebApplicationContext
2018-06-26 00:11:50.047 [localhost-startStop-1] INFO  org.springframework.web.context.ContextLoader -Root WebApplicationContext: initialization completed in 1241 ms
2018-06-26 00:11:50.167 [localhost-startStop-1] INFO  o.s.boot.web.servlet.FilterRegistrationBean -Mapping filter: 'characterEncodingFilter' to: [/*]
2018-06-26 00:11:50.168 [localhost-startStop-1] INFO  o.s.b.w.s.DelegatingFilterProxyRegistrationBean -Mapping filter: 'springSecurityFilterChain' to: [/*]
2018-06-26 00:11:50.168 [localhost-startStop-1] INFO  o.s.boot.web.servlet.ServletRegistrationBean -Servlet dispatcherServlet mapped to [/]
2018-06-26 00:11:50.323 [main] INFO  o.s.orm.jpa.LocalContainerEntityManagerFactoryBean -Building JPA container EntityManagerFactory for persistence unit 'default'
2018-06-26 00:11:50.333 [main] INFO  org.hibernate.jpa.internal.util.LogHelper -HHH000204: Processing PersistenceUnitInfo [
	name: default
	...]
2018-06-26 00:11:50.478 [main] INFO  org.hibernate.Version -HHH000412: Hibernate Core {5.2.17.Final}
2018-06-26 00:11:50.479 [main] INFO  org.hibernate.cfg.Environment -HHH000206: hibernate.properties not found
2018-06-26 00:11:50.510 [main] INFO  org.hibernate.annotations.common.Version -HCANN000001: Hibernate Commons Annotations {5.0.1.Final}
2018-06-26 00:11:50.601 [main] INFO  com.zaxxer.hikari.HikariDataSource -HikariPool-1 - Starting...
2018-06-26 00:11:50.783 [main] INFO  com.zaxxer.hikari.HikariDataSource -HikariPool-1 - Start completed.
2018-06-26 00:11:50.792 [main] INFO  org.hibernate.dialect.Dialect -HHH000400: Using dialect: org.hibernate.dialect.MySQL5Dialect
2018-06-26 00:11:51.196 [main] INFO  o.s.orm.jpa.LocalContainerEntityManagerFactoryBean -Initialized JPA EntityManagerFactory for persistence unit 'default'
2018-06-26 00:11:51.693 [main] INFO  o.s.w.s.m.m.a.RequestMappingHandlerMapping -Mapped "{[/index]}" onto public org.springframework.web.servlet.ModelAndView com.example.demo01.controller.IndexController.index(org.springframework.web.servlet.ModelAndView)
2018-06-26 00:11:51.694 [main] INFO  o.s.w.s.m.m.a.RequestMappingHandlerMapping -Mapped "{[/login]}" onto public org.springframework.web.servlet.ModelAndView com.example.demo01.controller.IndexController.login(org.springframework.web.servlet.ModelAndView)
2018-06-26 00:11:51.696 [main] INFO  o.s.w.s.m.m.a.RequestMappingHandlerMapping -Mapped "{[/user/register],methods=[POST]}" onto public com.example.demo01.domain.ResultEntity<java.lang.String> com.example.demo01.controller.UserController.register(com.example.demo01.domain.User)
2018-06-26 00:11:51.697 [main] INFO  o.s.w.s.m.m.a.RequestMappingHandlerMapping -Mapped "{[/user/save],methods=[POST]}" onto public com.example.demo01.domain.ResultEntity<java.lang.String> com.example.demo01.controller.UserController.save(com.example.demo01.domain.User,java.lang.Long)
2018-06-26 00:11:51.697 [main] INFO  o.s.w.s.m.m.a.RequestMappingHandlerMapping -Mapped "{[/user/test],methods=[POST]}" onto public com.example.demo01.domain.ResultEntity<java.lang.String> com.example.demo01.controller.UserController.test()
2018-06-26 00:11:51.697 [main] INFO  o.s.w.s.m.m.a.RequestMappingHandlerMapping -Mapped "{[/user/page],methods=[POST]}" onto public com.example.demo01.domain.ResultEntity<java.lang.String> com.example.demo01.controller.UserController.page(int,int)
2018-06-26 00:11:51.701 [main] INFO  o.s.w.s.m.m.a.RequestMappingHandlerMapping -Mapped "{[/error]}" onto public org.springframework.http.ResponseEntity<java.util.Map<java.lang.String, java.lang.Object>> org.springframework.boot.autoconfigure.web.servlet.error.BasicErrorController.error(javax.servlet.http.HttpServletRequest)
2018-06-26 00:11:51.701 [main] INFO  o.s.w.s.m.m.a.RequestMappingHandlerMapping -Mapped "{[/error],produces=[text/html]}" onto public org.springframework.web.servlet.ModelAndView org.springframework.boot.autoconfigure.web.servlet.error.BasicErrorController.errorHtml(javax.servlet.http.HttpServletRequest,javax.servlet.http.HttpServletResponse)
2018-06-26 00:11:51.850 [main] INFO  o.s.w.s.m.m.a.RequestMappingHandlerAdapter -Looking for @ControllerAdvice: org.springframework.boot.web.servlet.context.AnnotationConfigServletWebServerApplicationContext@2654635: startup date [Tue Jun 26 00:11:48 CST 2018]; root of context hierarchy
2018-06-26 00:11:51.896 [main] INFO  o.s.w.s.m.m.a.ExceptionHandlerExceptionResolver -Detected @ExceptionHandler methods in exceptionHandle
2018-06-26 00:11:52.155 [main] INFO  o.s.security.web.DefaultSecurityFilterChain -Creating filter chain: org.springframework.security.web.util.matcher.AnyRequestMatcher@1, [org.springframework.security.web.context.request.async.WebAsyncManagerIntegrationFilter@71285693, org.springframework.security.web.context.SecurityContextPersistenceFilter@8ee03f5, org.springframework.security.web.header.HeaderWriterFilter@42d0e41, org.springframework.security.web.authentication.logout.LogoutFilter@56499781, org.springframework.security.web.authentication.UsernamePasswordAuthenticationFilter@621392ea, org.springframework.security.web.savedrequest.RequestCacheAwareFilter@3359c3f6, org.springframework.security.web.servletapi.SecurityContextHolderAwareRequestFilter@16949dfa, org.springframework.security.web.authentication.AnonymousAuthenticationFilter@3199a202, org.springframework.security.web.session.SessionManagementFilter@9cc0505, org.springframework.security.web.access.ExceptionTranslationFilter@19e801b5, org.springframework.security.web.access.intercept.FilterSecurityInterceptor@a7bbdbc]
2018-06-26 00:11:52.326 [main] WARN  o.s.b.a.o.j.JpaBaseConfiguration$JpaWebConfiguration$JpaWebMvcConfiguration -spring.jpa.open-in-view is enabled by default. Therefore, database queries may be performed during view rendering. Explicitly configure spring.jpa.open-in-view to disable this warning
2018-06-26 00:11:52.725 [main] INFO  o.s.jmx.export.annotation.AnnotationMBeanExporter -Registering beans for JMX exposure on startup
2018-06-26 00:11:52.727 [main] INFO  o.s.jmx.export.annotation.AnnotationMBeanExporter -Bean with name 'dataSource' has been autodetected for JMX exposure
2018-06-26 00:11:52.733 [main] INFO  o.s.jmx.export.annotation.AnnotationMBeanExporter -Located MBean 'dataSource': registering with JMX server as MBean [com.zaxxer.hikari:name=dataSource,type=HikariDataSource]
2018-06-26 00:11:52.743 [main] INFO  org.apache.coyote.http11.Http11NioProtocol -Starting ProtocolHandler ["http-nio-8888"]
2018-06-26 00:11:52.765 [main] INFO  org.apache.tomcat.util.net.NioSelectorPool -Using a shared selector for servlet write/read
2018-06-26 00:11:52.780 [main] INFO  o.s.boot.web.embedded.tomcat.TomcatWebServer -Tomcat started on port(s): 8888 (http) with context path '/demo01'
2018-06-26 00:11:52.783 [main] INFO  com.example.demo01.Demo01Application -Started Demo01Application in 24.298 seconds (JVM running for 34.929)
2018-06-26 00:11:56.948 [http-nio-8888-exec-1] INFO  o.a.c.c.C.[Tomcat].[localhost].[/demo01] -Initializing Spring FrameworkServlet 'dispatcherServlet'
2018-06-26 00:11:56.948 [http-nio-8888-exec-1] INFO  org.springframework.web.servlet.DispatcherServlet -FrameworkServlet 'dispatcherServlet': initialization started
2018-06-26 00:11:56.963 [http-nio-8888-exec-1] INFO  org.springframework.web.servlet.DispatcherServlet -FrameworkServlet 'dispatcherServlet': initialization completed in 15 ms
2018-06-26 00:11:57.034 [http-nio-8888-exec-1] INFO  o.h.hql.internal.QueryTranslatorFactoryInitiator -HHH000397: Using ASTQueryTranslatorFactory
2018-06-26 00:17:37.171 [Thread-52] INFO  o.s.b.w.s.c.AnnotationConfigServletWebServerApplicationContext -Closing org.springframework.boot.web.servlet.context.AnnotationConfigServletWebServerApplicationContext@2654635: startup date [Tue Jun 26 00:11:48 CST 2018]; root of context hierarchy
2018-06-26 00:17:37.173 [Thread-52] INFO  o.s.jmx.export.annotation.AnnotationMBeanExporter -Unregistering JMX-exposed beans on shutdown
2018-06-26 00:17:37.173 [Thread-52] INFO  o.s.jmx.export.annotation.AnnotationMBeanExporter -Unregistering JMX-exposed beans
2018-06-26 00:17:37.174 [Thread-52] INFO  o.s.orm.jpa.LocalContainerEntityManagerFactoryBean -Closing JPA EntityManagerFactory for persistence unit 'default'
2018-06-26 00:17:37.175 [Thread-52] INFO  com.zaxxer.hikari.HikariDataSource -HikariPool-1 - Shutdown initiated...
2018-06-26 00:17:37.180 [Thread-52] INFO  com.zaxxer.hikari.HikariDataSource -HikariPool-1 - Shutdown completed.
2018-06-26 00:44:53.355 [main] INFO  com.example.demo01.Demo01Application -Starting Demo01Application on hufeideMacBook-Pro.local with PID 27908 (/Users/hufei/Desktop/springboot/demo01/target/classes started by hufei in /Users/hufei/Desktop/springboot/demo01)
2018-06-26 00:44:53.358 [main] INFO  com.example.demo01.Demo01Application -No active profile set, falling back to default profiles: default
2018-06-26 00:44:53.387 [main] INFO  o.s.b.w.s.c.AnnotationConfigServletWebServerApplicationContext -Refreshing org.springframework.boot.web.servlet.context.AnnotationConfigServletWebServerApplicationContext@2e554a3b: startup date [Tue Jun 26 00:44:53 CST 2018]; root of context hierarchy
2018-06-26 00:44:54.158 [main] INFO  o.s.c.s.PostProcessorRegistrationDelegate$BeanPostProcessorChecker -Bean 'org.springframework.transaction.annotation.ProxyTransactionManagementConfiguration' of type [org.springframework.transaction.annotation.ProxyTransactionManagementConfiguration$$EnhancerBySpringCGLIB$$88e8ae4] is not eligible for getting processed by all BeanPostProcessors (for example: not eligible for auto-proxying)
2018-06-26 00:44:54.200 [main] INFO  o.s.c.s.PostProcessorRegistrationDelegate$BeanPostProcessorChecker -Bean 'org.springframework.security.config.annotation.configuration.ObjectPostProcessorConfiguration' of type [org.springframework.security.config.annotation.configuration.ObjectPostProcessorConfiguration$$EnhancerBySpringCGLIB$$a13c531e] is not eligible for getting processed by all BeanPostProcessors (for example: not eligible for auto-proxying)
2018-06-26 00:44:54.207 [main] INFO  o.s.c.s.PostProcessorRegistrationDelegate$BeanPostProcessorChecker -Bean 'objectPostProcessor' of type [org.springframework.security.config.annotation.configuration.AutowireBeanFactoryObjectPostProcessor] is not eligible for getting processed by all BeanPostProcessors (for example: not eligible for auto-proxying)
2018-06-26 00:44:54.209 [main] INFO  o.s.c.s.PostProcessorRegistrationDelegate$BeanPostProcessorChecker -Bean 'org.springframework.security.access.expression.method.DefaultMethodSecurityExpressionHandler@296e281a' of type [org.springframework.security.access.expression.method.DefaultMethodSecurityExpressionHandler] is not eligible for getting processed by all BeanPostProcessors (for example: not eligible for auto-proxying)
2018-06-26 00:44:54.212 [main] INFO  o.s.c.s.PostProcessorRegistrationDelegate$BeanPostProcessorChecker -Bean 'org.springframework.security.config.annotation.method.configuration.GlobalMethodSecurityConfiguration' of type [org.springframework.security.config.annotation.method.configuration.GlobalMethodSecurityConfiguration$$EnhancerBySpringCGLIB$$c610f5d0] is not eligible for getting processed by all BeanPostProcessors (for example: not eligible for auto-proxying)
2018-06-26 00:44:54.219 [main] INFO  o.s.c.s.PostProcessorRegistrationDelegate$BeanPostProcessorChecker -Bean 'methodSecurityMetadataSource' of type [org.springframework.security.access.method.DelegatingMethodSecurityMetadataSource] is not eligible for getting processed by all BeanPostProcessors (for example: not eligible for auto-proxying)
2018-06-26 00:44:54.430 [main] INFO  o.s.boot.web.embedded.tomcat.TomcatWebServer -Tomcat initialized with port(s): 8888 (http)
2018-06-26 00:44:54.440 [main] INFO  org.apache.coyote.http11.Http11NioProtocol -Initializing ProtocolHandler ["http-nio-8888"]
2018-06-26 00:44:54.448 [main] INFO  org.apache.catalina.core.StandardService -Starting service [Tomcat]
2018-06-26 00:44:54.449 [main] INFO  org.apache.catalina.core.StandardEngine -Starting Servlet Engine: Apache Tomcat/8.5.31
2018-06-26 00:44:54.453 [localhost-startStop-1] INFO  org.apache.catalina.core.AprLifecycleListener -The APR based Apache Tomcat Native library which allows optimal performance in production environments was not found on the java.library.path: [/Users/hufei/Library/Java/Extensions:/Library/Java/Extensions:/Network/Library/Java/Extensions:/System/Library/Java/Extensions:/usr/lib/java:.]
2018-06-26 00:44:54.519 [localhost-startStop-1] INFO  o.a.c.c.C.[Tomcat].[localhost].[/demo01] -Initializing Spring embedded WebApplicationContext
2018-06-26 00:44:54.519 [localhost-startStop-1] INFO  org.springframework.web.context.ContextLoader -Root WebApplicationContext: initialization completed in 1132 ms
2018-06-26 00:44:54.625 [localhost-startStop-1] INFO  o.s.boot.web.servlet.FilterRegistrationBean -Mapping filter: 'characterEncodingFilter' to: [/*]
2018-06-26 00:44:54.626 [localhost-startStop-1] INFO  o.s.b.w.s.DelegatingFilterProxyRegistrationBean -Mapping filter: 'springSecurityFilterChain' to: [/*]
2018-06-26 00:44:54.626 [localhost-startStop-1] INFO  o.s.boot.web.servlet.ServletRegistrationBean -Servlet dispatcherServlet mapped to [/]
2018-06-26 00:44:54.805 [main] INFO  o.s.orm.jpa.LocalContainerEntityManagerFactoryBean -Building JPA container EntityManagerFactory for persistence unit 'default'
2018-06-26 00:44:54.815 [main] INFO  org.hibernate.jpa.internal.util.LogHelper -HHH000204: Processing PersistenceUnitInfo [
	name: default
	...]
2018-06-26 00:44:54.969 [main] INFO  org.hibernate.Version -HHH000412: Hibernate Core {5.2.17.Final}
2018-06-26 00:44:54.970 [main] INFO  org.hibernate.cfg.Environment -HHH000206: hibernate.properties not found
2018-06-26 00:44:55.012 [main] INFO  org.hibernate.annotations.common.Version -HCANN000001: Hibernate Commons Annotations {5.0.1.Final}
2018-06-26 00:44:55.098 [main] INFO  com.zaxxer.hikari.HikariDataSource -HikariPool-1 - Starting...
2018-06-26 00:44:55.286 [main] INFO  com.zaxxer.hikari.HikariDataSource -HikariPool-1 - Start completed.
2018-06-26 00:44:55.295 [main] INFO  org.hibernate.dialect.Dialect -HHH000400: Using dialect: org.hibernate.dialect.MySQL5Dialect
2018-06-26 00:44:55.708 [main] INFO  o.s.orm.jpa.LocalContainerEntityManagerFactoryBean -Initialized JPA EntityManagerFactory for persistence unit 'default'
2018-06-26 00:44:56.136 [main] INFO  o.s.w.s.m.m.a.RequestMappingHandlerMapping -Mapped "{[/index]}" onto public org.springframework.web.servlet.ModelAndView com.example.demo01.controller.IndexController.index(org.springframework.web.servlet.ModelAndView)
2018-06-26 00:44:56.137 [main] INFO  o.s.w.s.m.m.a.RequestMappingHandlerMapping -Mapped "{[/login]}" onto public org.springframework.web.servlet.ModelAndView com.example.demo01.controller.IndexController.login(org.springframework.web.servlet.ModelAndView)
2018-06-26 00:44:56.139 [main] INFO  o.s.w.s.m.m.a.RequestMappingHandlerMapping -Mapped "{[/user/register],methods=[POST]}" onto public com.example.demo01.domain.ResultEntity<java.lang.String> com.example.demo01.controller.UserController.register(com.example.demo01.domain.User)
2018-06-26 00:44:56.140 [main] INFO  o.s.w.s.m.m.a.RequestMappingHandlerMapping -Mapped "{[/user/save],methods=[POST]}" onto public com.example.demo01.domain.ResultEntity<java.lang.String> com.example.demo01.controller.UserController.save(com.example.demo01.domain.User,java.lang.Long)
2018-06-26 00:44:56.140 [main] INFO  o.s.w.s.m.m.a.RequestMappingHandlerMapping -Mapped "{[/user/test],methods=[POST]}" onto public com.example.demo01.domain.ResultEntity<java.lang.String> com.example.demo01.controller.UserController.test()
2018-06-26 00:44:56.140 [main] INFO  o.s.w.s.m.m.a.RequestMappingHandlerMapping -Mapped "{[/user/page],methods=[POST]}" onto public com.example.demo01.domain.ResultEntity<java.lang.String> com.example.demo01.controller.UserController.page(int,int)
2018-06-26 00:44:56.143 [main] INFO  o.s.w.s.m.m.a.RequestMappingHandlerMapping -Mapped "{[/error]}" onto public org.springframework.http.ResponseEntity<java.util.Map<java.lang.String, java.lang.Object>> org.springframework.boot.autoconfigure.web.servlet.error.BasicErrorController.error(javax.servlet.http.HttpServletRequest)
2018-06-26 00:44:56.144 [main] INFO  o.s.w.s.m.m.a.RequestMappingHandlerMapping -Mapped "{[/error],produces=[text/html]}" onto public org.springframework.web.servlet.ModelAndView org.springframework.boot.autoconfigure.web.servlet.error.BasicErrorController.errorHtml(javax.servlet.http.HttpServletRequest,javax.servlet.http.HttpServletResponse)
2018-06-26 00:44:56.263 [main] INFO  o.s.w.s.m.m.a.RequestMappingHandlerAdapter -Looking for @ControllerAdvice: org.springframework.boot.web.servlet.context.AnnotationConfigServletWebServerApplicationContext@2e554a3b: startup date [Tue Jun 26 00:44:53 CST 2018]; root of context hierarchy
2018-06-26 00:44:56.305 [main] INFO  o.s.w.s.m.m.a.ExceptionHandlerExceptionResolver -Detected @ExceptionHandler methods in exceptionHandle
2018-06-26 00:44:56.550 [main] INFO  o.s.security.web.DefaultSecurityFilterChain -Creating filter chain: org.springframework.security.web.util.matcher.AnyRequestMatcher@1, [org.springframework.security.web.context.request.async.WebAsyncManagerIntegrationFilter@410f53b2, org.springframework.security.web.context.SecurityContextPersistenceFilter@4fa8297b, org.springframework.security.web.header.HeaderWriterFilter@e8c84eb, org.springframework.security.web.authentication.logout.LogoutFilter@1eb9d69a, org.springframework.security.web.authentication.UsernamePasswordAuthenticationFilter@294c44b7, org.springframework.security.web.savedrequest.RequestCacheAwareFilter@13cf5f8a, org.springframework.security.web.servletapi.SecurityContextHolderAwareRequestFilter@3a8b9458, org.springframework.security.web.authentication.AnonymousAuthenticationFilter@265287ec, org.springframework.security.web.session.SessionManagementFilter@283bb8b7, org.springframework.security.web.access.ExceptionTranslationFilter@151659dd, org.springframework.security.web.access.intercept.FilterSecurityInterceptor@41bd6a0f]
2018-06-26 00:44:56.689 [main] WARN  o.s.b.a.o.j.JpaBaseConfiguration$JpaWebConfiguration$JpaWebMvcConfiguration -spring.jpa.open-in-view is enabled by default. Therefore, database queries may be performed during view rendering. Explicitly configure spring.jpa.open-in-view to disable this warning
2018-06-26 00:44:57.033 [main] INFO  o.s.jmx.export.annotation.AnnotationMBeanExporter -Registering beans for JMX exposure on startup
2018-06-26 00:44:57.034 [main] INFO  o.s.jmx.export.annotation.AnnotationMBeanExporter -Bean with name 'dataSource' has been autodetected for JMX exposure
2018-06-26 00:44:57.039 [main] INFO  o.s.jmx.export.annotation.AnnotationMBeanExporter -Located MBean 'dataSource': registering with JMX server as MBean [com.zaxxer.hikari:name=dataSource,type=HikariDataSource]
2018-06-26 00:44:57.049 [main] INFO  org.apache.coyote.http11.Http11NioProtocol -Starting ProtocolHandler ["http-nio-8888"]
2018-06-26 00:44:57.072 [main] INFO  org.apache.tomcat.util.net.NioSelectorPool -Using a shared selector for servlet write/read
2018-06-26 00:44:57.085 [main] INFO  o.s.boot.web.embedded.tomcat.TomcatWebServer -Tomcat started on port(s): 8888 (http) with context path '/demo01'
2018-06-26 00:44:57.088 [main] INFO  com.example.demo01.Demo01Application -Started Demo01Application in 24.011 seconds (JVM running for 34.617)
2018-06-26 00:45:01.234 [http-nio-8888-exec-1] INFO  o.a.c.c.C.[Tomcat].[localhost].[/demo01] -Initializing Spring FrameworkServlet 'dispatcherServlet'
2018-06-26 00:45:01.234 [http-nio-8888-exec-1] INFO  org.springframework.web.servlet.DispatcherServlet -FrameworkServlet 'dispatcherServlet': initialization started
2018-06-26 00:45:01.250 [http-nio-8888-exec-1] INFO  org.springframework.web.servlet.DispatcherServlet -FrameworkServlet 'dispatcherServlet': initialization completed in 16 ms
2018-06-26 00:45:01.326 [http-nio-8888-exec-1] INFO  o.h.hql.internal.QueryTranslatorFactoryInitiator -HHH000397: Using ASTQueryTranslatorFactory
2018-06-26 00:47:12.125 [Thread-51] INFO  o.s.b.w.s.c.AnnotationConfigServletWebServerApplicationContext -Closing org.springframework.boot.web.servlet.context.AnnotationConfigServletWebServerApplicationContext@2e554a3b: startup date [Tue Jun 26 00:44:53 CST 2018]; root of context hierarchy
2018-06-26 00:47:12.127 [Thread-51] INFO  o.s.jmx.export.annotation.AnnotationMBeanExporter -Unregistering JMX-exposed beans on shutdown
2018-06-26 00:47:12.127 [Thread-51] INFO  o.s.jmx.export.annotation.AnnotationMBeanExporter -Unregistering JMX-exposed beans
2018-06-26 00:47:12.129 [Thread-51] INFO  o.s.orm.jpa.LocalContainerEntityManagerFactoryBean -Closing JPA EntityManagerFactory for persistence unit 'default'
2018-06-26 00:47:12.129 [Thread-51] INFO  com.zaxxer.hikari.HikariDataSource -HikariPool-1 - Shutdown initiated...
2018-06-26 00:47:12.134 [Thread-51] INFO  com.zaxxer.hikari.HikariDataSource -HikariPool-1 - Shutdown completed.
2018-06-26 00:47:54.575 [main] INFO  com.example.demo01.Demo01Application -Starting Demo01Application on hufeideMacBook-Pro.local with PID 27911 (/Users/hufei/Desktop/springboot/demo01/target/classes started by hufei in /Users/hufei/Desktop/springboot/demo01)
2018-06-26 00:47:54.578 [main] INFO  com.example.demo01.Demo01Application -No active profile set, falling back to default profiles: default
2018-06-26 00:47:54.608 [main] INFO  o.s.b.w.s.c.AnnotationConfigServletWebServerApplicationContext -Refreshing org.springframework.boot.web.servlet.context.AnnotationConfigServletWebServerApplicationContext@23d1e5d0: startup date [Tue Jun 26 00:47:54 CST 2018]; root of context hierarchy
2018-06-26 00:47:55.353 [main] INFO  o.s.c.s.PostProcessorRegistrationDelegate$BeanPostProcessorChecker -Bean 'org.springframework.transaction.annotation.ProxyTransactionManagementConfiguration' of type [org.springframework.transaction.annotation.ProxyTransactionManagementConfiguration$$EnhancerBySpringCGLIB$$bcbcfe9c] is not eligible for getting processed by all BeanPostProcessors (for example: not eligible for auto-proxying)
2018-06-26 00:47:55.391 [main] INFO  o.s.c.s.PostProcessorRegistrationDelegate$BeanPostProcessorChecker -Bean 'org.springframework.security.config.annotation.configuration.ObjectPostProcessorConfiguration' of type [org.springframework.security.config.annotation.configuration.ObjectPostProcessorConfiguration$$EnhancerBySpringCGLIB$$556ac6d6] is not eligible for getting processed by all BeanPostProcessors (for example: not eligible for auto-proxying)
2018-06-26 00:47:55.398 [main] INFO  o.s.c.s.PostProcessorRegistrationDelegate$BeanPostProcessorChecker -Bean 'objectPostProcessor' of type [org.springframework.security.config.annotation.configuration.AutowireBeanFactoryObjectPostProcessor] is not eligible for getting processed by all BeanPostProcessors (for example: not eligible for auto-proxying)
2018-06-26 00:47:55.400 [main] INFO  o.s.c.s.PostProcessorRegistrationDelegate$BeanPostProcessorChecker -Bean 'org.springframework.security.access.expression.method.DefaultMethodSecurityExpressionHandler@55e42449' of type [org.springframework.security.access.expression.method.DefaultMethodSecurityExpressionHandler] is not eligible for getting processed by all BeanPostProcessors (for example: not eligible for auto-proxying)
2018-06-26 00:47:55.406 [main] INFO  o.s.c.s.PostProcessorRegistrationDelegate$BeanPostProcessorChecker -Bean 'org.springframework.security.config.annotation.method.configuration.GlobalMethodSecurityConfiguration' of type [org.springframework.security.config.annotation.method.configuration.GlobalMethodSecurityConfiguration$$EnhancerBySpringCGLIB$$7a3f6988] is not eligible for getting processed by all BeanPostProcessors (for example: not eligible for auto-proxying)
2018-06-26 00:47:55.414 [main] INFO  o.s.c.s.PostProcessorRegistrationDelegate$BeanPostProcessorChecker -Bean 'methodSecurityMetadataSource' of type [org.springframework.security.access.method.DelegatingMethodSecurityMetadataSource] is not eligible for getting processed by all BeanPostProcessors (for example: not eligible for auto-proxying)
2018-06-26 00:47:55.653 [main] INFO  o.s.boot.web.embedded.tomcat.TomcatWebServer -Tomcat initialized with port(s): 8888 (http)
2018-06-26 00:47:55.663 [main] INFO  org.apache.coyote.http11.Http11NioProtocol -Initializing ProtocolHandler ["http-nio-8888"]
2018-06-26 00:47:55.689 [main] INFO  org.apache.catalina.core.StandardService -Starting service [Tomcat]
2018-06-26 00:47:55.689 [main] INFO  org.apache.catalina.core.StandardEngine -Starting Servlet Engine: Apache Tomcat/8.5.31
2018-06-26 00:47:55.694 [localhost-startStop-1] INFO  org.apache.catalina.core.AprLifecycleListener -The APR based Apache Tomcat Native library which allows optimal performance in production environments was not found on the java.library.path: [/Users/hufei/Library/Java/Extensions:/Library/Java/Extensions:/Network/Library/Java/Extensions:/System/Library/Java/Extensions:/usr/lib/java:.]
2018-06-26 00:47:55.761 [localhost-startStop-1] INFO  o.a.c.c.C.[Tomcat].[localhost].[/demo01] -Initializing Spring embedded WebApplicationContext
2018-06-26 00:47:55.761 [localhost-startStop-1] INFO  org.springframework.web.context.ContextLoader -Root WebApplicationContext: initialization completed in 1153 ms
2018-06-26 00:47:55.871 [localhost-startStop-1] INFO  o.s.boot.web.servlet.FilterRegistrationBean -Mapping filter: 'characterEncodingFilter' to: [/*]
2018-06-26 00:47:55.872 [localhost-startStop-1] INFO  o.s.b.w.s.DelegatingFilterProxyRegistrationBean -Mapping filter: 'springSecurityFilterChain' to: [/*]
2018-06-26 00:47:55.872 [localhost-startStop-1] INFO  o.s.boot.web.servlet.ServletRegistrationBean -Servlet dispatcherServlet mapped to [/]
2018-06-26 00:47:56.022 [main] INFO  o.s.orm.jpa.LocalContainerEntityManagerFactoryBean -Building JPA container EntityManagerFactory for persistence unit 'default'
2018-06-26 00:47:56.034 [main] INFO  org.hibernate.jpa.internal.util.LogHelper -HHH000204: Processing PersistenceUnitInfo [
	name: default
	...]
2018-06-26 00:47:56.182 [main] INFO  org.hibernate.Version -HHH000412: Hibernate Core {5.2.17.Final}
2018-06-26 00:47:56.184 [main] INFO  org.hibernate.cfg.Environment -HHH000206: hibernate.properties not found
2018-06-26 00:47:56.214 [main] INFO  org.hibernate.annotations.common.Version -HCANN000001: Hibernate Commons Annotations {5.0.1.Final}
2018-06-26 00:47:56.292 [main] INFO  com.zaxxer.hikari.HikariDataSource -HikariPool-1 - Starting...
2018-06-26 00:47:56.465 [main] INFO  com.zaxxer.hikari.HikariDataSource -HikariPool-1 - Start completed.
2018-06-26 00:47:56.473 [main] INFO  org.hibernate.dialect.Dialect -HHH000400: Using dialect: org.hibernate.dialect.MySQL5Dialect
2018-06-26 00:47:56.866 [main] INFO  o.s.orm.jpa.LocalContainerEntityManagerFactoryBean -Initialized JPA EntityManagerFactory for persistence unit 'default'
2018-06-26 00:47:57.309 [main] INFO  o.s.w.s.m.m.a.RequestMappingHandlerMapping -Mapped "{[/index]}" onto public org.springframework.web.servlet.ModelAndView com.example.demo01.controller.IndexController.index(org.springframework.web.servlet.ModelAndView)
2018-06-26 00:47:57.310 [main] INFO  o.s.w.s.m.m.a.RequestMappingHandlerMapping -Mapped "{[/login]}" onto public org.springframework.web.servlet.ModelAndView com.example.demo01.controller.IndexController.login(org.springframework.web.servlet.ModelAndView)
2018-06-26 00:47:57.312 [main] INFO  o.s.w.s.m.m.a.RequestMappingHandlerMapping -Mapped "{[/user/register],methods=[POST]}" onto public com.example.demo01.domain.ResultEntity<java.lang.String> com.example.demo01.controller.UserController.register(com.example.demo01.domain.User)
2018-06-26 00:47:57.313 [main] INFO  o.s.w.s.m.m.a.RequestMappingHandlerMapping -Mapped "{[/user/save],methods=[POST]}" onto public com.example.demo01.domain.ResultEntity<java.lang.String> com.example.demo01.controller.UserController.save(com.example.demo01.domain.User,java.lang.Long)
2018-06-26 00:47:57.313 [main] INFO  o.s.w.s.m.m.a.RequestMappingHandlerMapping -Mapped "{[/user/test],methods=[POST]}" onto public com.example.demo01.domain.ResultEntity<java.lang.String> com.example.demo01.controller.UserController.test()
2018-06-26 00:47:57.313 [main] INFO  o.s.w.s.m.m.a.RequestMappingHandlerMapping -Mapped "{[/user/page],methods=[POST]}" onto public com.example.demo01.domain.ResultEntity<java.lang.String> com.example.demo01.controller.UserController.page(int,int)
2018-06-26 00:47:57.317 [main] INFO  o.s.w.s.m.m.a.RequestMappingHandlerMapping -Mapped "{[/error]}" onto public org.springframework.http.ResponseEntity<java.util.Map<java.lang.String, java.lang.Object>> org.springframework.boot.autoconfigure.web.servlet.error.BasicErrorController.error(javax.servlet.http.HttpServletRequest)
2018-06-26 00:47:57.317 [main] INFO  o.s.w.s.m.m.a.RequestMappingHandlerMapping -Mapped "{[/error],produces=[text/html]}" onto public org.springframework.web.servlet.ModelAndView org.springframework.boot.autoconfigure.web.servlet.error.BasicErrorController.errorHtml(javax.servlet.http.HttpServletRequest,javax.servlet.http.HttpServletResponse)
2018-06-26 00:47:57.436 [main] INFO  o.s.w.s.m.m.a.RequestMappingHandlerAdapter -Looking for @ControllerAdvice: org.springframework.boot.web.servlet.context.AnnotationConfigServletWebServerApplicationContext@23d1e5d0: startup date [Tue Jun 26 00:47:54 CST 2018]; root of context hierarchy
2018-06-26 00:47:57.479 [main] INFO  o.s.w.s.m.m.a.ExceptionHandlerExceptionResolver -Detected @ExceptionHandler methods in exceptionHandle
2018-06-26 00:47:57.700 [main] INFO  o.s.security.web.DefaultSecurityFilterChain -Creating filter chain: org.springframework.security.web.util.matcher.AnyRequestMatcher@1, [org.springframework.security.web.context.request.async.WebAsyncManagerIntegrationFilter@45f241df, org.springframework.security.web.context.SecurityContextPersistenceFilter@2299f6d7, org.springframework.security.web.header.HeaderWriterFilter@1feb586d, org.springframework.security.web.authentication.logout.LogoutFilter@7e691624, org.springframework.security.web.authentication.UsernamePasswordAuthenticationFilter@4990b335, org.springframework.security.web.savedrequest.RequestCacheAwareFilter@6c9151c1, org.springframework.security.web.servletapi.SecurityContextHolderAwareRequestFilter@224d537d, org.springframework.security.web.authentication.AnonymousAuthenticationFilter@f36f34d, org.springframework.security.web.session.SessionManagementFilter@611a2d82, org.springframework.security.web.access.ExceptionTranslationFilter@7d95166a, org.springframework.security.web.access.intercept.FilterSecurityInterceptor@722b3ba2]
2018-06-26 00:47:57.836 [main] WARN  o.s.b.a.o.j.JpaBaseConfiguration$JpaWebConfiguration$JpaWebMvcConfiguration -spring.jpa.open-in-view is enabled by default. Therefore, database queries may be performed during view rendering. Explicitly configure spring.jpa.open-in-view to disable this warning
2018-06-26 00:47:58.207 [main] INFO  o.s.jmx.export.annotation.AnnotationMBeanExporter -Registering beans for JMX exposure on startup
2018-06-26 00:47:58.208 [main] INFO  o.s.jmx.export.annotation.AnnotationMBeanExporter -Bean with name 'dataSource' has been autodetected for JMX exposure
2018-06-26 00:47:58.214 [main] INFO  o.s.jmx.export.annotation.AnnotationMBeanExporter -Located MBean 'dataSource': registering with JMX server as MBean [com.zaxxer.hikari:name=dataSource,type=HikariDataSource]
2018-06-26 00:47:58.224 [main] INFO  org.apache.coyote.http11.Http11NioProtocol -Starting ProtocolHandler ["http-nio-8888"]
2018-06-26 00:47:58.249 [main] INFO  org.apache.tomcat.util.net.NioSelectorPool -Using a shared selector for servlet write/read
2018-06-26 00:47:58.261 [main] INFO  o.s.boot.web.embedded.tomcat.TomcatWebServer -Tomcat started on port(s): 8888 (http) with context path '/demo01'
2018-06-26 00:47:58.265 [main] INFO  com.example.demo01.Demo01Application -Started Demo01Application in 23.965 seconds (JVM running for 34.549)
2018-06-26 00:48:01.584 [http-nio-8888-exec-1] INFO  o.a.c.c.C.[Tomcat].[localhost].[/demo01] -Initializing Spring FrameworkServlet 'dispatcherServlet'
2018-06-26 00:48:01.584 [http-nio-8888-exec-1] INFO  org.springframework.web.servlet.DispatcherServlet -FrameworkServlet 'dispatcherServlet': initialization started
2018-06-26 00:48:01.600 [http-nio-8888-exec-1] INFO  org.springframework.web.servlet.DispatcherServlet -FrameworkServlet 'dispatcherServlet': initialization completed in 16 ms
2018-06-26 00:48:01.676 [http-nio-8888-exec-1] INFO  o.h.hql.internal.QueryTranslatorFactoryInitiator -HHH000397: Using ASTQueryTranslatorFactory
2018-06-26 00:48:40.705 [Thread-50] INFO  o.s.b.w.s.c.AnnotationConfigServletWebServerApplicationContext -Closing org.springframework.boot.web.servlet.context.AnnotationConfigServletWebServerApplicationContext@23d1e5d0: startup date [Tue Jun 26 00:47:54 CST 2018]; root of context hierarchy
2018-06-26 00:48:40.708 [Thread-50] INFO  o.s.jmx.export.annotation.AnnotationMBeanExporter -Unregistering JMX-exposed beans on shutdown
2018-06-26 00:48:40.709 [Thread-50] INFO  o.s.jmx.export.annotation.AnnotationMBeanExporter -Unregistering JMX-exposed beans
2018-06-26 00:48:40.710 [Thread-50] INFO  o.s.orm.jpa.LocalContainerEntityManagerFactoryBean -Closing JPA EntityManagerFactory for persistence unit 'default'
2018-06-26 00:48:40.711 [Thread-50] INFO  com.zaxxer.hikari.HikariDataSource -HikariPool-1 - Shutdown initiated...
2018-06-26 00:48:40.715 [Thread-50] INFO  com.zaxxer.hikari.HikariDataSource -HikariPool-1 - Shutdown completed.
2018-06-26 00:49:23.178 [main] INFO  com.example.demo01.Demo01Application -Starting Demo01Application on hufeideMacBook-Pro.local with PID 27915 (/Users/hufei/Desktop/springboot/demo01/target/classes started by hufei in /Users/hufei/Desktop/springboot/demo01)
2018-06-26 00:49:23.181 [main] INFO  com.example.demo01.Demo01Application -No active profile set, falling back to default profiles: default
2018-06-26 00:49:23.211 [main] INFO  o.s.b.w.s.c.AnnotationConfigServletWebServerApplicationContext -Refreshing org.springframework.boot.web.servlet.context.AnnotationConfigServletWebServerApplicationContext@737a135b: startup date [Tue Jun 26 00:49:23 CST 2018]; root of context hierarchy
2018-06-26 00:49:23.989 [main] INFO  o.s.c.s.PostProcessorRegistrationDelegate$BeanPostProcessorChecker -Bean 'org.springframework.transaction.annotation.ProxyTransactionManagementConfiguration' of type [org.springframework.transaction.annotation.ProxyTransactionManagementConfiguration$$EnhancerBySpringCGLIB$$623fab18] is not eligible for getting processed by all BeanPostProcessors (for example: not eligible for auto-proxying)
2018-06-26 00:49:24.027 [main] INFO  o.s.c.s.PostProcessorRegistrationDelegate$BeanPostProcessorChecker -Bean 'org.springframework.security.config.annotation.configuration.ObjectPostProcessorConfiguration' of type [org.springframework.security.config.annotation.configuration.ObjectPostProcessorConfiguration$$EnhancerBySpringCGLIB$$faed7352] is not eligible for getting processed by all BeanPostProcessors (for example: not eligible for auto-proxying)
2018-06-26 00:49:24.034 [main] INFO  o.s.c.s.PostProcessorRegistrationDelegate$BeanPostProcessorChecker -Bean 'objectPostProcessor' of type [org.springframework.security.config.annotation.configuration.AutowireBeanFactoryObjectPostProcessor] is not eligible for getting processed by all BeanPostProcessors (for example: not eligible for auto-proxying)
2018-06-26 00:49:24.036 [main] INFO  o.s.c.s.PostProcessorRegistrationDelegate$BeanPostProcessorChecker -Bean 'org.springframework.security.access.expression.method.DefaultMethodSecurityExpressionHandler@78c1372d' of type [org.springframework.security.access.expression.method.DefaultMethodSecurityExpressionHandler] is not eligible for getting processed by all BeanPostProcessors (for example: not eligible for auto-proxying)
2018-06-26 00:49:24.041 [main] INFO  o.s.c.s.PostProcessorRegistrationDelegate$BeanPostProcessorChecker -Bean 'org.springframework.security.config.annotation.method.configuration.GlobalMethodSecurityConfiguration' of type [org.springframework.security.config.annotation.method.configuration.GlobalMethodSecurityConfiguration$$EnhancerBySpringCGLIB$$1fc21604] is not eligible for getting processed by all BeanPostProcessors (for example: not eligible for auto-proxying)
2018-06-26 00:49:24.049 [main] INFO  o.s.c.s.PostProcessorRegistrationDelegate$BeanPostProcessorChecker -Bean 'methodSecurityMetadataSource' of type [org.springframework.security.access.method.DelegatingMethodSecurityMetadataSource] is not eligible for getting processed by all BeanPostProcessors (for example: not eligible for auto-proxying)
2018-06-26 00:49:24.293 [main] INFO  o.s.boot.web.embedded.tomcat.TomcatWebServer -Tomcat initialized with port(s): 8888 (http)
2018-06-26 00:49:24.302 [main] INFO  org.apache.coyote.http11.Http11NioProtocol -Initializing ProtocolHandler ["http-nio-8888"]
2018-06-26 00:49:24.310 [main] INFO  org.apache.catalina.core.StandardService -Starting service [Tomcat]
2018-06-26 00:49:24.310 [main] INFO  org.apache.catalina.core.StandardEngine -Starting Servlet Engine: Apache Tomcat/8.5.31
2018-06-26 00:49:24.315 [localhost-startStop-1] INFO  org.apache.catalina.core.AprLifecycleListener -The APR based Apache Tomcat Native library which allows optimal performance in production environments was not found on the java.library.path: [/Users/hufei/Library/Java/Extensions:/Library/Java/Extensions:/Network/Library/Java/Extensions:/System/Library/Java/Extensions:/usr/lib/java:.]
2018-06-26 00:49:24.382 [localhost-startStop-1] INFO  o.a.c.c.C.[Tomcat].[localhost].[/demo01] -Initializing Spring embedded WebApplicationContext
2018-06-26 00:49:24.382 [localhost-startStop-1] INFO  org.springframework.web.context.ContextLoader -Root WebApplicationContext: initialization completed in 1171 ms
2018-06-26 00:49:24.494 [localhost-startStop-1] INFO  o.s.boot.web.servlet.FilterRegistrationBean -Mapping filter: 'characterEncodingFilter' to: [/*]
2018-06-26 00:49:24.495 [localhost-startStop-1] INFO  o.s.b.w.s.DelegatingFilterProxyRegistrationBean -Mapping filter: 'springSecurityFilterChain' to: [/*]
2018-06-26 00:49:24.495 [localhost-startStop-1] INFO  o.s.boot.web.servlet.ServletRegistrationBean -Servlet dispatcherServlet mapped to [/]
2018-06-26 00:49:24.646 [main] INFO  o.s.orm.jpa.LocalContainerEntityManagerFactoryBean -Building JPA container EntityManagerFactory for persistence unit 'default'
2018-06-26 00:49:24.656 [main] INFO  org.hibernate.jpa.internal.util.LogHelper -HHH000204: Processing PersistenceUnitInfo [
	name: default
	...]
2018-06-26 00:49:24.801 [main] INFO  org.hibernate.Version -HHH000412: Hibernate Core {5.2.17.Final}
2018-06-26 00:49:24.802 [main] INFO  org.hibernate.cfg.Environment -HHH000206: hibernate.properties not found
2018-06-26 00:49:24.834 [main] INFO  org.hibernate.annotations.common.Version -HCANN000001: Hibernate Commons Annotations {5.0.1.Final}
2018-06-26 00:49:24.916 [main] INFO  com.zaxxer.hikari.HikariDataSource -HikariPool-1 - Starting...
2018-06-26 00:49:25.088 [main] INFO  com.zaxxer.hikari.HikariDataSource -HikariPool-1 - Start completed.
2018-06-26 00:49:25.096 [main] INFO  org.hibernate.dialect.Dialect -HHH000400: Using dialect: org.hibernate.dialect.MySQL5Dialect
2018-06-26 00:49:25.498 [main] INFO  o.s.orm.jpa.LocalContainerEntityManagerFactoryBean -Initialized JPA EntityManagerFactory for persistence unit 'default'
2018-06-26 00:49:25.951 [main] INFO  o.s.w.s.m.m.a.RequestMappingHandlerMapping -Mapped "{[/index]}" onto public org.springframework.web.servlet.ModelAndView com.example.demo01.controller.IndexController.index(org.springframework.web.servlet.ModelAndView)
2018-06-26 00:49:25.951 [main] INFO  o.s.w.s.m.m.a.RequestMappingHandlerMapping -Mapped "{[/login]}" onto public org.springframework.web.servlet.ModelAndView com.example.demo01.controller.IndexController.login(org.springframework.web.servlet.ModelAndView)
2018-06-26 00:49:25.953 [main] INFO  o.s.w.s.m.m.a.RequestMappingHandlerMapping -Mapped "{[/user/register],methods=[POST]}" onto public com.example.demo01.domain.ResultEntity<java.lang.String> com.example.demo01.controller.UserController.register(com.example.demo01.domain.User)
2018-06-26 00:49:25.954 [main] INFO  o.s.w.s.m.m.a.RequestMappingHandlerMapping -Mapped "{[/user/save],methods=[POST]}" onto public com.example.demo01.domain.ResultEntity<java.lang.String> com.example.demo01.controller.UserController.save(com.example.demo01.domain.User,java.lang.Long)
2018-06-26 00:49:25.954 [main] INFO  o.s.w.s.m.m.a.RequestMappingHandlerMapping -Mapped "{[/user/test],methods=[POST]}" onto public com.example.demo01.domain.ResultEntity<java.lang.String> com.example.demo01.controller.UserController.test()
2018-06-26 00:49:25.955 [main] INFO  o.s.w.s.m.m.a.RequestMappingHandlerMapping -Mapped "{[/user/page],methods=[POST]}" onto public com.example.demo01.domain.ResultEntity<java.lang.String> com.example.demo01.controller.UserController.page(int,int)
2018-06-26 00:49:25.958 [main] INFO  o.s.w.s.m.m.a.RequestMappingHandlerMapping -Mapped "{[/error]}" onto public org.springframework.http.ResponseEntity<java.util.Map<java.lang.String, java.lang.Object>> org.springframework.boot.autoconfigure.web.servlet.error.BasicErrorController.error(javax.servlet.http.HttpServletRequest)
2018-06-26 00:49:25.959 [main] INFO  o.s.w.s.m.m.a.RequestMappingHandlerMapping -Mapped "{[/error],produces=[text/html]}" onto public org.springframework.web.servlet.ModelAndView org.springframework.boot.autoconfigure.web.servlet.error.BasicErrorController.errorHtml(javax.servlet.http.HttpServletRequest,javax.servlet.http.HttpServletResponse)
2018-06-26 00:49:26.087 [main] INFO  o.s.w.s.m.m.a.RequestMappingHandlerAdapter -Looking for @ControllerAdvice: org.springframework.boot.web.servlet.context.AnnotationConfigServletWebServerApplicationContext@737a135b: startup date [Tue Jun 26 00:49:23 CST 2018]; root of context hierarchy
2018-06-26 00:49:26.152 [main] INFO  o.s.w.s.m.m.a.ExceptionHandlerExceptionResolver -Detected @ExceptionHandler methods in exceptionHandle
2018-06-26 00:49:26.351 [main] INFO  o.s.security.web.DefaultSecurityFilterChain -Creating filter chain: org.springframework.security.web.util.matcher.AnyRequestMatcher@1, [org.springframework.security.web.context.request.async.WebAsyncManagerIntegrationFilter@186f7434, org.springframework.security.web.context.SecurityContextPersistenceFilter@6fbc7853, org.springframework.security.web.header.HeaderWriterFilter@67e4928c, org.springframework.security.web.authentication.logout.LogoutFilter@3d3b272a, org.springframework.security.web.authentication.UsernamePasswordAuthenticationFilter@5b23c1f6, org.springframework.security.web.savedrequest.RequestCacheAwareFilter@3b2c8bda, org.springframework.security.web.servletapi.SecurityContextHolderAwareRequestFilter@2f75a9b1, org.springframework.security.web.authentication.AnonymousAuthenticationFilter@2374452a, org.springframework.security.web.session.SessionManagementFilter@72e75786, org.springframework.security.web.access.ExceptionTranslationFilter@30bbe83, org.springframework.security.web.access.intercept.FilterSecurityInterceptor@10cb050]
2018-06-26 00:49:26.481 [main] WARN  o.s.b.a.o.j.JpaBaseConfiguration$JpaWebConfiguration$JpaWebMvcConfiguration -spring.jpa.open-in-view is enabled by default. Therefore, database queries may be performed during view rendering. Explicitly configure spring.jpa.open-in-view to disable this warning
2018-06-26 00:49:26.835 [main] INFO  o.s.jmx.export.annotation.AnnotationMBeanExporter -Registering beans for JMX exposure on startup
2018-06-26 00:49:26.837 [main] INFO  o.s.jmx.export.annotation.AnnotationMBeanExporter -Bean with name 'dataSource' has been autodetected for JMX exposure
2018-06-26 00:49:26.842 [main] INFO  o.s.jmx.export.annotation.AnnotationMBeanExporter -Located MBean 'dataSource': registering with JMX server as MBean [com.zaxxer.hikari:name=dataSource,type=HikariDataSource]
2018-06-26 00:49:26.853 [main] INFO  org.apache.coyote.http11.Http11NioProtocol -Starting ProtocolHandler ["http-nio-8888"]
2018-06-26 00:49:26.876 [main] INFO  org.apache.tomcat.util.net.NioSelectorPool -Using a shared selector for servlet write/read
2018-06-26 00:49:26.889 [main] INFO  o.s.boot.web.embedded.tomcat.TomcatWebServer -Tomcat started on port(s): 8888 (http) with context path '/demo01'
2018-06-26 00:49:26.892 [main] INFO  com.example.demo01.Demo01Application -Started Demo01Application in 23.984 seconds (JVM running for 34.589)
2018-06-26 00:49:55.759 [http-nio-8888-exec-1] INFO  o.a.c.c.C.[Tomcat].[localhost].[/demo01] -Initializing Spring FrameworkServlet 'dispatcherServlet'
2018-06-26 00:49:55.759 [http-nio-8888-exec-1] INFO  org.springframework.web.servlet.DispatcherServlet -FrameworkServlet 'dispatcherServlet': initialization started
2018-06-26 00:49:55.775 [http-nio-8888-exec-1] INFO  org.springframework.web.servlet.DispatcherServlet -FrameworkServlet 'dispatcherServlet': initialization completed in 16 ms
2018-06-26 00:49:55.846 [http-nio-8888-exec-1] INFO  o.h.hql.internal.QueryTranslatorFactoryInitiator -HHH000397: Using ASTQueryTranslatorFactory
2018-06-26 03:53:37.548 [HikariPool-1 housekeeper] WARN  com.zaxxer.hikari.pool.HikariPool -HikariPool-1 - Thread starvation or clock leap detected (housekeeper delta=3h12s337ms).
2018-06-26 07:47:12.592 [HikariPool-1 housekeeper] WARN  com.zaxxer.hikari.pool.HikariPool -HikariPool-1 - Thread starvation or clock leap detected (housekeeper delta=3h53m34s996ms).
2018-06-26 07:47:41.860 [HikariPool-1 housekeeper] WARN  com.zaxxer.hikari.pool.HikariPool -HikariPool-1 - Retrograde clock change detected (housekeeper delta=29s316ms), soft-evicting connections from pool.
2018-06-26 08:47:24.278 [HikariPool-1 housekeeper] WARN  com.zaxxer.hikari.pool.HikariPool -HikariPool-1 - Thread starvation or clock leap detected (housekeeper delta=52m42s279ms).
2018-06-26 09:02:58.622 [HikariPool-1 housekeeper] WARN  com.zaxxer.hikari.pool.HikariPool -HikariPool-1 - Thread starvation or clock leap detected (housekeeper delta=1m4s266ms).
2018-06-26 09:12:12.524 [Thread-51] INFO  o.s.b.w.s.c.AnnotationConfigServletWebServerApplicationContext -Closing org.springframework.boot.web.servlet.context.AnnotationConfigServletWebServerApplicationContext@737a135b: startup date [Tue Jun 26 00:49:23 CST 2018]; root of context hierarchy
2018-06-26 09:12:12.548 [Thread-51] INFO  o.s.jmx.export.annotation.AnnotationMBeanExporter -Unregistering JMX-exposed beans on shutdown
2018-06-26 09:12:12.549 [Thread-51] INFO  o.s.jmx.export.annotation.AnnotationMBeanExporter -Unregistering JMX-exposed beans
2018-06-26 09:12:12.551 [Thread-51] INFO  o.s.orm.jpa.LocalContainerEntityManagerFactoryBean -Closing JPA EntityManagerFactory for persistence unit 'default'
2018-06-26 09:12:12.554 [Thread-51] INFO  com.zaxxer.hikari.HikariDataSource -HikariPool-1 - Shutdown initiated...
2018-06-26 09:12:12.556 [Thread-51] INFO  com.zaxxer.hikari.HikariDataSource -HikariPool-1 - Shutdown completed.
2018-06-26 22:17:35.817 [main] INFO  com.example.demo01.Demo01Application -Starting Demo01Application on hufeideMacBook-Pro.local with PID 1969 (/Users/hufei/Desktop/springboot/demo01/target/classes started by hufei in /Users/hufei/Desktop/springboot/demo01)
2018-06-26 22:17:35.821 [main] INFO  com.example.demo01.Demo01Application -No active profile set, falling back to default profiles: default
2018-06-26 22:17:35.861 [main] INFO  o.s.b.w.s.c.AnnotationConfigServletWebServerApplicationContext -Refreshing org.springframework.boot.web.servlet.context.AnnotationConfigServletWebServerApplicationContext@35390ee3: startup date [Tue Jun 26 22:17:35 CST 2018]; root of context hierarchy
2018-06-26 22:17:36.831 [main] INFO  o.s.c.s.PostProcessorRegistrationDelegate$BeanPostProcessorChecker -Bean 'org.springframework.transaction.annotation.ProxyTransactionManagementConfiguration' of type [org.springframework.transaction.annotation.ProxyTransactionManagementConfiguration$$EnhancerBySpringCGLIB$$3fc26863] is not eligible for getting processed by all BeanPostProcessors (for example: not eligible for auto-proxying)
2018-06-26 22:17:36.875 [main] INFO  o.s.c.s.PostProcessorRegistrationDelegate$BeanPostProcessorChecker -Bean 'org.springframework.security.config.annotation.configuration.ObjectPostProcessorConfiguration' of type [org.springframework.security.config.annotation.configuration.ObjectPostProcessorConfiguration$$EnhancerBySpringCGLIB$$d870309d] is not eligible for getting processed by all BeanPostProcessors (for example: not eligible for auto-proxying)
2018-06-26 22:17:36.882 [main] INFO  o.s.c.s.PostProcessorRegistrationDelegate$BeanPostProcessorChecker -Bean 'objectPostProcessor' of type [org.springframework.security.config.annotation.configuration.AutowireBeanFactoryObjectPostProcessor] is not eligible for getting processed by all BeanPostProcessors (for example: not eligible for auto-proxying)
2018-06-26 22:17:36.884 [main] INFO  o.s.c.s.PostProcessorRegistrationDelegate$BeanPostProcessorChecker -Bean 'org.springframework.security.access.expression.method.DefaultMethodSecurityExpressionHandler@6b350309' of type [org.springframework.security.access.expression.method.DefaultMethodSecurityExpressionHandler] is not eligible for getting processed by all BeanPostProcessors (for example: not eligible for auto-proxying)
2018-06-26 22:17:36.888 [main] INFO  o.s.c.s.PostProcessorRegistrationDelegate$BeanPostProcessorChecker -Bean 'org.springframework.security.config.annotation.method.configuration.GlobalMethodSecurityConfiguration' of type [org.springframework.security.config.annotation.method.configuration.GlobalMethodSecurityConfiguration$$EnhancerBySpringCGLIB$$fd44d34f] is not eligible for getting processed by all BeanPostProcessors (for example: not eligible for auto-proxying)
2018-06-26 22:17:36.896 [main] INFO  o.s.c.s.PostProcessorRegistrationDelegate$BeanPostProcessorChecker -Bean 'methodSecurityMetadataSource' of type [org.springframework.security.access.method.DelegatingMethodSecurityMetadataSource] is not eligible for getting processed by all BeanPostProcessors (for example: not eligible for auto-proxying)
2018-06-26 22:17:37.158 [main] INFO  o.s.boot.web.embedded.tomcat.TomcatWebServer -Tomcat initialized with port(s): 8888 (http)
2018-06-26 22:17:37.173 [main] INFO  org.apache.coyote.http11.Http11NioProtocol -Initializing ProtocolHandler ["http-nio-8888"]
2018-06-26 22:17:37.182 [main] INFO  org.apache.catalina.core.StandardService -Starting service [Tomcat]
2018-06-26 22:17:37.182 [main] INFO  org.apache.catalina.core.StandardEngine -Starting Servlet Engine: Apache Tomcat/8.5.31
2018-06-26 22:17:37.187 [localhost-startStop-1] INFO  org.apache.catalina.core.AprLifecycleListener -The APR based Apache Tomcat Native library which allows optimal performance in production environments was not found on the java.library.path: [/Users/hufei/Library/Java/Extensions:/Library/Java/Extensions:/Network/Library/Java/Extensions:/System/Library/Java/Extensions:/usr/lib/java:.]
2018-06-26 22:17:37.276 [localhost-startStop-1] INFO  o.a.c.c.C.[Tomcat].[localhost].[/demo01] -Initializing Spring embedded WebApplicationContext
2018-06-26 22:17:37.276 [localhost-startStop-1] INFO  org.springframework.web.context.ContextLoader -Root WebApplicationContext: initialization completed in 1415 ms
2018-06-26 22:17:37.387 [localhost-startStop-1] INFO  o.s.boot.web.servlet.FilterRegistrationBean -Mapping filter: 'characterEncodingFilter' to: [/*]
2018-06-26 22:17:37.388 [localhost-startStop-1] INFO  o.s.b.w.s.DelegatingFilterProxyRegistrationBean -Mapping filter: 'springSecurityFilterChain' to: [/*]
2018-06-26 22:17:37.388 [localhost-startStop-1] INFO  o.s.boot.web.servlet.ServletRegistrationBean -Servlet dispatcherServlet mapped to [/]
2018-06-26 22:17:37.577 [main] INFO  o.s.orm.jpa.LocalContainerEntityManagerFactoryBean -Building JPA container EntityManagerFactory for persistence unit 'default'
2018-06-26 22:17:37.591 [main] INFO  org.hibernate.jpa.internal.util.LogHelper -HHH000204: Processing PersistenceUnitInfo [
	name: default
	...]
2018-06-26 22:17:37.761 [main] INFO  org.hibernate.Version -HHH000412: Hibernate Core {5.2.17.Final}
2018-06-26 22:17:37.762 [main] INFO  org.hibernate.cfg.Environment -HHH000206: hibernate.properties not found
2018-06-26 22:17:37.815 [main] INFO  org.hibernate.annotations.common.Version -HCANN000001: Hibernate Commons Annotations {5.0.1.Final}
2018-06-26 22:17:37.943 [main] INFO  com.zaxxer.hikari.HikariDataSource -HikariPool-1 - Starting...
2018-06-26 22:17:38.160 [main] INFO  com.zaxxer.hikari.HikariDataSource -HikariPool-1 - Start completed.
2018-06-26 22:17:38.173 [main] INFO  org.hibernate.dialect.Dialect -HHH000400: Using dialect: org.hibernate.dialect.MySQL5Dialect
2018-06-26 22:17:38.711 [main] INFO  o.s.orm.jpa.LocalContainerEntityManagerFactoryBean -Initialized JPA EntityManagerFactory for persistence unit 'default'
2018-06-26 22:17:39.234 [main] INFO  o.s.w.s.m.m.a.RequestMappingHandlerMapping -Mapped "{[/index]}" onto public org.springframework.web.servlet.ModelAndView com.example.demo01.controller.IndexController.index(org.springframework.web.servlet.ModelAndView)
2018-06-26 22:17:39.236 [main] INFO  o.s.w.s.m.m.a.RequestMappingHandlerMapping -Mapped "{[/login]}" onto public org.springframework.web.servlet.ModelAndView com.example.demo01.controller.IndexController.login(org.springframework.web.servlet.ModelAndView)
2018-06-26 22:17:39.238 [main] INFO  o.s.w.s.m.m.a.RequestMappingHandlerMapping -Mapped "{[/user/register],methods=[POST]}" onto public com.example.demo01.domain.ResultEntity<java.lang.String> com.example.demo01.controller.UserController.register(com.example.demo01.domain.User)
2018-06-26 22:17:39.238 [main] INFO  o.s.w.s.m.m.a.RequestMappingHandlerMapping -Mapped "{[/user/save],methods=[POST]}" onto public com.example.demo01.domain.ResultEntity<java.lang.String> com.example.demo01.controller.UserController.save(com.example.demo01.domain.User,java.lang.Long)
2018-06-26 22:17:39.239 [main] INFO  o.s.w.s.m.m.a.RequestMappingHandlerMapping -Mapped "{[/user/test],methods=[POST]}" onto public com.example.demo01.domain.ResultEntity<java.lang.String> com.example.demo01.controller.UserController.test()
2018-06-26 22:17:39.239 [main] INFO  o.s.w.s.m.m.a.RequestMappingHandlerMapping -Mapped "{[/user/page],methods=[POST]}" onto public com.example.demo01.domain.ResultEntity<java.lang.String> com.example.demo01.controller.UserController.page(int,int)
2018-06-26 22:17:39.242 [main] INFO  o.s.w.s.m.m.a.RequestMappingHandlerMapping -Mapped "{[/error]}" onto public org.springframework.http.ResponseEntity<java.util.Map<java.lang.String, java.lang.Object>> org.springframework.boot.autoconfigure.web.servlet.error.BasicErrorController.error(javax.servlet.http.HttpServletRequest)
2018-06-26 22:17:39.242 [main] INFO  o.s.w.s.m.m.a.RequestMappingHandlerMapping -Mapped "{[/error],produces=[text/html]}" onto public org.springframework.web.servlet.ModelAndView org.springframework.boot.autoconfigure.web.servlet.error.BasicErrorController.errorHtml(javax.servlet.http.HttpServletRequest,javax.servlet.http.HttpServletResponse)
2018-06-26 22:17:39.374 [main] INFO  o.s.w.s.m.m.a.RequestMappingHandlerAdapter -Looking for @ControllerAdvice: org.springframework.boot.web.servlet.context.AnnotationConfigServletWebServerApplicationContext@35390ee3: startup date [Tue Jun 26 22:17:35 CST 2018]; root of context hierarchy
2018-06-26 22:17:39.421 [main] INFO  o.s.w.s.m.m.a.ExceptionHandlerExceptionResolver -Detected @ExceptionHandler methods in exceptionHandle
2018-06-26 22:17:39.666 [main] INFO  o.s.security.web.DefaultSecurityFilterChain -Creating filter chain: org.springframework.security.web.util.matcher.AnyRequestMatcher@1, [org.springframework.security.web.context.request.async.WebAsyncManagerIntegrationFilter@3a751535, org.springframework.security.web.context.SecurityContextPersistenceFilter@56499781, org.springframework.security.web.header.HeaderWriterFilter@144440f5, org.springframework.security.web.authentication.logout.LogoutFilter@323efafe, org.springframework.security.web.authentication.UsernamePasswordAuthenticationFilter@5d0e703a, org.springframework.security.web.savedrequest.RequestCacheAwareFilter@2a2798a2, org.springframework.security.web.servletapi.SecurityContextHolderAwareRequestFilter@340fc1aa, org.springframework.security.web.authentication.AnonymousAuthenticationFilter@7fb82f73, org.springframework.security.web.session.SessionManagementFilter@290807e5, org.springframework.security.web.access.ExceptionTranslationFilter@507f47f9, org.springframework.security.web.access.intercept.FilterSecurityInterceptor@73da303e]
2018-06-26 22:17:39.812 [main] WARN  o.s.b.a.o.j.JpaBaseConfiguration$JpaWebConfiguration$JpaWebMvcConfiguration -spring.jpa.open-in-view is enabled by default. Therefore, database queries may be performed during view rendering. Explicitly configure spring.jpa.open-in-view to disable this warning
2018-06-26 22:17:40.222 [main] INFO  o.s.jmx.export.annotation.AnnotationMBeanExporter -Registering beans for JMX exposure on startup
2018-06-26 22:17:40.223 [main] INFO  o.s.jmx.export.annotation.AnnotationMBeanExporter -Bean with name 'dataSource' has been autodetected for JMX exposure
2018-06-26 22:17:40.228 [main] INFO  o.s.jmx.export.annotation.AnnotationMBeanExporter -Located MBean 'dataSource': registering with JMX server as MBean [com.zaxxer.hikari:name=dataSource,type=HikariDataSource]
2018-06-26 22:17:40.239 [main] INFO  org.apache.coyote.http11.Http11NioProtocol -Starting ProtocolHandler ["http-nio-8888"]
2018-06-26 22:17:40.261 [main] INFO  org.apache.tomcat.util.net.NioSelectorPool -Using a shared selector for servlet write/read
2018-06-26 22:17:40.273 [main] INFO  o.s.boot.web.embedded.tomcat.TomcatWebServer -Tomcat started on port(s): 8888 (http) with context path '/demo01'
2018-06-26 22:17:40.276 [main] INFO  com.example.demo01.Demo01Application -Started Demo01Application in 24.886 seconds (JVM running for 35.79)
