2018-06-28 00:12:26.966 [HikariPool-1 housekeeper] WARN  com.zaxxer.hikari.pool.HikariPool -HikariPool-1 - Thread starvation or clock leap detected (housekeeper delta=15m27s644ms).
2018-06-28 06:34:14.261 [HikariPool-1 housekeeper] WARN  com.zaxxer.hikari.pool.HikariPool -HikariPool-1 - Thread starvation or clock leap detected (housekeeper delta=6h21m47s11ms).
2018-06-28 08:41:43.126 [HikariPool-1 housekeeper] WARN  com.zaxxer.hikari.pool.HikariPool -HikariPool-1 - Thread starvation or clock leap detected (housekeeper delta=2h7m29s149ms).
2018-06-28 08:44:41.308 [Thread-51] INFO  o.s.b.w.s.c.AnnotationConfigServletWebServerApplicationContext -Closing org.springframework.boot.web.servlet.context.AnnotationConfigServletWebServerApplicationContext@5e8ac0e1: startup date [Wed Jun 27 23:39:56 CST 2018]; root of context hierarchy
2018-06-28 08:44:41.342 [Thread-51] INFO  o.s.jmx.export.annotation.AnnotationMBeanExporter -Unregistering JMX-exposed beans on shutdown
2018-06-28 08:44:41.343 [Thread-51] INFO  o.s.jmx.export.annotation.AnnotationMBeanExporter -Unregistering JMX-exposed beans
2018-06-28 08:44:41.351 [Thread-51] INFO  o.s.orm.jpa.LocalContainerEntityManagerFactoryBean -Closing JPA EntityManagerFactory for persistence unit 'default'
2018-06-28 08:44:41.367 [Thread-51] INFO  com.zaxxer.hikari.HikariDataSource -HikariPool-1 - Shutdown initiated...
2018-06-28 08:44:41.384 [Thread-51] INFO  com.zaxxer.hikari.HikariDataSource -HikariPool-1 - Shutdown completed.
2018-06-28 09:11:48.277 [main] INFO  com.example.demo01.Demo01Application -Starting Demo01Application on hufeideMacBook-Pro.local with PID 4081 (/Users/hufei/Desktop/springboot/demo01/target/classes started by hufei in /Users/hufei/Desktop/springboot/demo01)
2018-06-28 09:11:48.281 [main] INFO  com.example.demo01.Demo01Application -No active profile set, falling back to default profiles: default
2018-06-28 09:11:48.319 [main] INFO  o.s.b.w.s.c.AnnotationConfigServletWebServerApplicationContext -Refreshing org.springframework.boot.web.servlet.context.AnnotationConfigServletWebServerApplicationContext@5ee2b6f9: startup date [Thu Jun 28 09:11:48 CST 2018]; root of context hierarchy
2018-06-28 09:11:49.337 [main] INFO  o.s.c.s.PostProcessorRegistrationDelegate$BeanPostProcessorChecker -Bean 'org.springframework.transaction.annotation.ProxyTransactionManagementConfiguration' of type [org.springframework.transaction.annotation.ProxyTransactionManagementConfiguration$$EnhancerBySpringCGLIB$$6f177ba3] is not eligible for getting processed by all BeanPostProcessors (for example: not eligible for auto-proxying)
2018-06-28 09:11:49.379 [main] INFO  o.s.c.s.PostProcessorRegistrationDelegate$BeanPostProcessorChecker -Bean 'org.springframework.security.config.annotation.configuration.ObjectPostProcessorConfiguration' of type [org.springframework.security.config.annotation.configuration.ObjectPostProcessorConfiguration$$EnhancerBySpringCGLIB$$7c543dd] is not eligible for getting processed by all BeanPostProcessors (for example: not eligible for auto-proxying)
2018-06-28 09:11:49.385 [main] INFO  o.s.c.s.PostProcessorRegistrationDelegate$BeanPostProcessorChecker -Bean 'objectPostProcessor' of type [org.springframework.security.config.annotation.configuration.AutowireBeanFactoryObjectPostProcessor] is not eligible for getting processed by all BeanPostProcessors (for example: not eligible for auto-proxying)
2018-06-28 09:11:49.387 [main] INFO  o.s.c.s.PostProcessorRegistrationDelegate$BeanPostProcessorChecker -Bean 'org.springframework.security.access.expression.method.DefaultMethodSecurityExpressionHandler@74174a23' of type [org.springframework.security.access.expression.method.DefaultMethodSecurityExpressionHandler] is not eligible for getting processed by all BeanPostProcessors (for example: not eligible for auto-proxying)
2018-06-28 09:11:49.393 [main] INFO  o.s.c.s.PostProcessorRegistrationDelegate$BeanPostProcessorChecker -Bean 'org.springframework.security.config.annotation.method.configuration.GlobalMethodSecurityConfiguration' of type [org.springframework.security.config.annotation.method.configuration.GlobalMethodSecurityConfiguration$$EnhancerBySpringCGLIB$$2c99e68f] is not eligible for getting processed by all BeanPostProcessors (for example: not eligible for auto-proxying)
2018-06-28 09:11:49.402 [main] INFO  o.s.c.s.PostProcessorRegistrationDelegate$BeanPostProcessorChecker -Bean 'methodSecurityMetadataSource' of type [org.springframework.security.access.method.DelegatingMethodSecurityMetadataSource] is not eligible for getting processed by all BeanPostProcessors (for example: not eligible for auto-proxying)
2018-06-28 09:11:49.668 [main] INFO  o.s.boot.web.embedded.tomcat.TomcatWebServer -Tomcat initialized with port(s): 8888 (http)
2018-06-28 09:11:49.683 [main] INFO  org.apache.coyote.http11.Http11NioProtocol -Initializing ProtocolHandler ["http-nio-8888"]
2018-06-28 09:11:49.692 [main] INFO  org.apache.catalina.core.StandardService -Starting service [Tomcat]
2018-06-28 09:11:49.692 [main] INFO  org.apache.catalina.core.StandardEngine -Starting Servlet Engine: Apache Tomcat/8.5.31
2018-06-28 09:11:49.697 [localhost-startStop-1] INFO  org.apache.catalina.core.AprLifecycleListener -The APR based Apache Tomcat Native library which allows optimal performance in production environments was not found on the java.library.path: [/Users/hufei/Library/Java/Extensions:/Library/Java/Extensions:/Network/Library/Java/Extensions:/System/Library/Java/Extensions:/usr/lib/java:.]
2018-06-28 09:11:49.792 [localhost-startStop-1] INFO  o.a.c.c.C.[Tomcat].[localhost].[/demo01] -Initializing Spring embedded WebApplicationContext
2018-06-28 09:11:49.792 [localhost-startStop-1] INFO  org.springframework.web.context.ContextLoader -Root WebApplicationContext: initialization completed in 1473 ms
2018-06-28 09:11:49.916 [localhost-startStop-1] INFO  o.s.boot.web.servlet.FilterRegistrationBean -Mapping filter: 'characterEncodingFilter' to: [/*]
2018-06-28 09:11:49.917 [localhost-startStop-1] INFO  o.s.b.w.s.DelegatingFilterProxyRegistrationBean -Mapping filter: 'springSecurityFilterChain' to: [/*]
2018-06-28 09:11:49.917 [localhost-startStop-1] INFO  o.s.boot.web.servlet.ServletRegistrationBean -Servlet dispatcherServlet mapped to [/]
2018-06-28 09:11:50.104 [main] INFO  o.s.orm.jpa.LocalContainerEntityManagerFactoryBean -Building JPA container EntityManagerFactory for persistence unit 'default'
2018-06-28 09:11:50.118 [main] INFO  org.hibernate.jpa.internal.util.LogHelper -HHH000204: Processing PersistenceUnitInfo [
	name: default
	...]
2018-06-28 09:11:50.286 [main] INFO  org.hibernate.Version -HHH000412: Hibernate Core {5.2.17.Final}
2018-06-28 09:11:50.288 [main] INFO  org.hibernate.cfg.Environment -HHH000206: hibernate.properties not found
2018-06-28 09:11:50.339 [main] INFO  org.hibernate.annotations.common.Version -HCANN000001: Hibernate Commons Annotations {5.0.1.Final}
2018-06-28 09:11:50.462 [main] INFO  com.zaxxer.hikari.HikariDataSource -HikariPool-1 - Starting...
2018-06-28 09:11:50.700 [main] INFO  com.zaxxer.hikari.HikariDataSource -HikariPool-1 - Start completed.
2018-06-28 09:11:50.713 [main] INFO  org.hibernate.dialect.Dialect -HHH000400: Using dialect: org.hibernate.dialect.MySQL5Dialect
2018-06-28 09:11:51.271 [main] INFO  o.s.orm.jpa.LocalContainerEntityManagerFactoryBean -Initialized JPA EntityManagerFactory for persistence unit 'default'
2018-06-28 09:11:51.784 [main] INFO  o.s.w.s.m.m.a.RequestMappingHandlerMapping -Mapped "{[/index]}" onto public org.springframework.web.servlet.ModelAndView com.example.demo01.controller.IndexController.index(org.springframework.web.servlet.ModelAndView)
2018-06-28 09:11:51.784 [main] INFO  o.s.w.s.m.m.a.RequestMappingHandlerMapping -Mapped "{[/login]}" onto public org.springframework.web.servlet.ModelAndView com.example.demo01.controller.IndexController.login(org.springframework.web.servlet.ModelAndView)
2018-06-28 09:11:51.786 [main] INFO  o.s.w.s.m.m.a.RequestMappingHandlerMapping -Mapped "{[/user/register],methods=[POST]}" onto public com.example.demo01.domain.ResultEntity<java.lang.String> com.example.demo01.controller.UserController.register(com.example.demo01.domain.User)
2018-06-28 09:11:51.787 [main] INFO  o.s.w.s.m.m.a.RequestMappingHandlerMapping -Mapped "{[/user/save],methods=[POST]}" onto public com.example.demo01.domain.ResultEntity<java.lang.String> com.example.demo01.controller.UserController.save(com.example.demo01.domain.User,java.lang.Long)
2018-06-28 09:11:51.788 [main] INFO  o.s.w.s.m.m.a.RequestMappingHandlerMapping -Mapped "{[/user/test],methods=[POST]}" onto public com.example.demo01.domain.ResultEntity<java.lang.String> com.example.demo01.controller.UserController.test()
2018-06-28 09:11:51.788 [main] INFO  o.s.w.s.m.m.a.RequestMappingHandlerMapping -Mapped "{[/user/page],methods=[POST]}" onto public com.example.demo01.domain.ResultEntity<java.lang.String> com.example.demo01.controller.UserController.page(int,int)
2018-06-28 09:11:51.788 [main] INFO  o.s.w.s.m.m.a.RequestMappingHandlerMapping -Mapped "{[/user/upload],methods=[POST]}" onto public com.example.demo01.domain.ResultEntity<java.lang.String> com.example.demo01.controller.UserController.upload(org.springframework.web.multipart.MultipartFile)
2018-06-28 09:11:51.792 [main] INFO  o.s.w.s.m.m.a.RequestMappingHandlerMapping -Mapped "{[/error]}" onto public org.springframework.http.ResponseEntity<java.util.Map<java.lang.String, java.lang.Object>> org.springframework.boot.autoconfigure.web.servlet.error.BasicErrorController.error(javax.servlet.http.HttpServletRequest)
2018-06-28 09:11:51.792 [main] INFO  o.s.w.s.m.m.a.RequestMappingHandlerMapping -Mapped "{[/error],produces=[text/html]}" onto public org.springframework.web.servlet.ModelAndView org.springframework.boot.autoconfigure.web.servlet.error.BasicErrorController.errorHtml(javax.servlet.http.HttpServletRequest,javax.servlet.http.HttpServletResponse)
2018-06-28 09:11:51.924 [main] INFO  o.s.w.s.m.m.a.RequestMappingHandlerAdapter -Looking for @ControllerAdvice: org.springframework.boot.web.servlet.context.AnnotationConfigServletWebServerApplicationContext@5ee2b6f9: startup date [Thu Jun 28 09:11:48 CST 2018]; root of context hierarchy
2018-06-28 09:11:51.971 [main] INFO  o.s.w.s.m.m.a.ExceptionHandlerExceptionResolver -Detected @ExceptionHandler methods in exceptionHandle
2018-06-28 09:11:52.214 [main] INFO  o.s.security.web.DefaultSecurityFilterChain -Creating filter chain: org.springframework.security.web.util.matcher.AnyRequestMatcher@1, [org.springframework.security.web.context.request.async.WebAsyncManagerIntegrationFilter@1b8ee69d, org.springframework.security.web.context.SecurityContextPersistenceFilter@126254ec, org.springframework.security.web.header.HeaderWriterFilter@98722ef, org.springframework.security.web.authentication.logout.LogoutFilter@2374452a, org.springframework.security.web.authentication.UsernamePasswordAuthenticationFilter@1d06801f, org.springframework.security.web.savedrequest.RequestCacheAwareFilter@1c788d08, org.springframework.security.web.servletapi.SecurityContextHolderAwareRequestFilter@2de7c84a, org.springframework.security.web.authentication.AnonymousAuthenticationFilter@2b400bd0, org.springframework.security.web.session.SessionManagementFilter@fd69983, org.springframework.security.web.access.ExceptionTranslationFilter@340fc1aa, org.springframework.security.web.access.intercept.FilterSecurityInterceptor@1dfe5dd1]
2018-06-28 09:11:52.354 [main] WARN  o.s.b.a.o.j.JpaBaseConfiguration$JpaWebConfiguration$JpaWebMvcConfiguration -spring.jpa.open-in-view is enabled by default. Therefore, database queries may be performed during view rendering. Explicitly configure spring.jpa.open-in-view to disable this warning
2018-06-28 09:11:52.760 [main] INFO  o.s.jmx.export.annotation.AnnotationMBeanExporter -Registering beans for JMX exposure on startup
2018-06-28 09:11:52.761 [main] INFO  o.s.jmx.export.annotation.AnnotationMBeanExporter -Bean with name 'dataSource' has been autodetected for JMX exposure
2018-06-28 09:11:52.766 [main] INFO  o.s.jmx.export.annotation.AnnotationMBeanExporter -Located MBean 'dataSource': registering with JMX server as MBean [com.zaxxer.hikari:name=dataSource,type=HikariDataSource]
2018-06-28 09:11:52.777 [main] INFO  org.apache.coyote.http11.Http11NioProtocol -Starting ProtocolHandler ["http-nio-8888"]
2018-06-28 09:11:52.799 [main] INFO  org.apache.tomcat.util.net.NioSelectorPool -Using a shared selector for servlet write/read
2018-06-28 09:11:52.812 [main] INFO  o.s.boot.web.embedded.tomcat.TomcatWebServer -Tomcat started on port(s): 8888 (http) with context path '/demo01'
2018-06-28 09:11:52.815 [main] INFO  com.example.demo01.Demo01Application -Started Demo01Application in 24.941 seconds (JVM running for 35.727)
2018-06-28 09:13:32.191 [http-nio-8888-exec-1] INFO  o.a.c.c.C.[Tomcat].[localhost].[/demo01] -Initializing Spring FrameworkServlet 'dispatcherServlet'
2018-06-28 09:13:32.192 [http-nio-8888-exec-1] INFO  org.springframework.web.servlet.DispatcherServlet -FrameworkServlet 'dispatcherServlet': initialization started
2018-06-28 09:13:32.210 [http-nio-8888-exec-1] INFO  org.springframework.web.servlet.DispatcherServlet -FrameworkServlet 'dispatcherServlet': initialization completed in 18 ms
2018-06-28 09:13:32.231 [http-nio-8888-exec-1] WARN  org.springframework.web.servlet.PageNotFound -No mapping found for HTTP request with URI [/demo01/user/login] in DispatcherServlet with name 'dispatcherServlet'
2018-06-28 09:13:33.693 [http-nio-8888-exec-2] WARN  org.springframework.web.servlet.PageNotFound -No mapping found for HTTP request with URI [/demo01/user/login] in DispatcherServlet with name 'dispatcherServlet'
2018-06-28 09:13:34.402 [http-nio-8888-exec-3] WARN  org.springframework.web.servlet.PageNotFound -No mapping found for HTTP request with URI [/demo01/user/login] in DispatcherServlet with name 'dispatcherServlet'
2018-06-28 09:13:41.975 [http-nio-8888-exec-5] INFO  com.example.demo01.service.FileServiceImpl -[FileServiceImpl-uploadFile-fileName]获取文件的名称：logo.png
2018-06-28 09:13:41.975 [http-nio-8888-exec-5] INFO  com.example.demo01.service.FileServiceImpl -[FileServiceImpl-uploadFile-suffixName]获取文件的后缀名：.png
2018-06-28 09:13:41.975 [http-nio-8888-exec-5] INFO  com.example.demo01.service.FileServiceImpl -[FileServiceImpl-uploadFile-serverFileName]获取上传到服务器的文件名称：3a700288-897e-45bb-a57a-53066514c0e0.png
2018-06-28 09:13:41.977 [http-nio-8888-exec-5] INFO  com.example.demo01.service.FileServiceImpl -[FileServiceImpl-uploadFile-repFileName]返回到前端的文件路径：3a700288-897e-45bb-a57a-53066514c0e0.png
2018-06-28 09:14:53.494 [http-nio-8888-exec-9] INFO  com.example.demo01.service.FileServiceImpl -[FileServiceImpl-uploadFile-fileName]获取文件的名称：logo.jpg
2018-06-28 09:14:53.494 [http-nio-8888-exec-9] INFO  com.example.demo01.service.FileServiceImpl -[FileServiceImpl-uploadFile-suffixName]获取文件的后缀名：.jpg
2018-06-28 09:14:53.494 [http-nio-8888-exec-9] INFO  com.example.demo01.service.FileServiceImpl -[FileServiceImpl-uploadFile-serverFileName]获取上传到服务器的文件名称：daea1cb7-eee1-4982-91a8-ace8c49ce3bc.jpg
2018-06-28 09:14:53.495 [http-nio-8888-exec-9] INFO  com.example.demo01.service.FileServiceImpl -[FileServiceImpl-uploadFile-repFileName]返回到前端的文件路径：daea1cb7-eee1-4982-91a8-ace8c49ce3bc.jpg
2018-06-28 09:17:16.166 [Thread-52] INFO  o.s.b.w.s.c.AnnotationConfigServletWebServerApplicationContext -Closing org.springframework.boot.web.servlet.context.AnnotationConfigServletWebServerApplicationContext@5ee2b6f9: startup date [Thu Jun 28 09:11:48 CST 2018]; root of context hierarchy
2018-06-28 09:17:16.169 [Thread-52] INFO  o.s.jmx.export.annotation.AnnotationMBeanExporter -Unregistering JMX-exposed beans on shutdown
2018-06-28 09:17:16.169 [Thread-52] INFO  o.s.jmx.export.annotation.AnnotationMBeanExporter -Unregistering JMX-exposed beans
2018-06-28 09:17:16.170 [Thread-52] INFO  o.s.orm.jpa.LocalContainerEntityManagerFactoryBean -Closing JPA EntityManagerFactory for persistence unit 'default'
2018-06-28 09:17:16.171 [Thread-52] INFO  com.zaxxer.hikari.HikariDataSource -HikariPool-1 - Shutdown initiated...
2018-06-28 09:17:16.176 [Thread-52] INFO  com.zaxxer.hikari.HikariDataSource -HikariPool-1 - Shutdown completed.
